[ 2013-12-15T09:25:05+08:00 ] 127.0.0.1 /clang/
INFO: [ app_begin ] --START--
INFO: ReadHtmlCache Behavior ::run [ RunTime:0.292476s ]
INFO: [ app_begin ] --END-- [ RunTime:1.054668s ]
NOTIC: [2048] Non-static method CommonAction::footer() should not be called statically, assuming $this from incompatible context E:\Web\website\clang\APP\Modules\Home\Action\IndexAction.class.php 第 7 行.
NOTIC: [2048] Non-static method CommonAction::copyRight() should not be called statically, assuming $this from incompatible context E:\Web\website\clang\APP\Modules\Home\Action\CommonAction.class.php 第 14 行.
SQL: SHOW COLUMNS FROM `clang_about` [ RunTime:0.779620s ]
SQL: SELECT * FROM `clang_about` WHERE ( `type` = '版权信息' ) ORDER BY id desc LIMIT 1   [ RunTime:0.002297s ]
NOTIC: [2048] Non-static method CommonAction::youlink() should not be called statically, assuming $this from incompatible context E:\Web\website\clang\APP\Modules\Home\Action\CommonAction.class.php 第 15 行.
SQL: SHOW COLUMNS FROM `clang_link` [ RunTime:0.352736s ]
SQL: SELECT * FROM `clang_link` ORDER BY rank asc LIMIT 0,6   [ RunTime:0.001330s ]
NOTIC: [2048] Non-static method CommonAction::jieshao() should not be called statically, assuming $this from incompatible context E:\Web\website\clang\APP\Modules\Home\Action\CommonAction.class.php 第 16 行.
SQL: SELECT `content` FROM `clang_about` WHERE ( `type` = '关于我们' ) ORDER BY id desc LIMIT 1   [ RunTime:0.000931s ]
SQL: SHOW COLUMNS FROM `clang_practice` [ RunTime:0.498465s ]
SQL: SELECT `id`,`title`,`time` FROM `clang_practice` WHERE ( `type` = '学生设计' ) ORDER BY id desc LIMIT 0,10   [ RunTime:0.041499s ]
SQL: SHOW COLUMNS FROM `clang_news` [ RunTime:0.778667s ]
SQL: SELECT `id`,`title`,`time` FROM `clang_news` ORDER BY id desc LIMIT 0,10   [ RunTime:0.083646s ]
SQL: SHOW COLUMNS FROM `clang_notice` [ RunTime:0.710911s ]
SQL: SELECT `content` FROM `clang_notice` WHERE ( `type` = '最新公告' ) ORDER BY id desc LIMIT 1   [ RunTime:0.001030s ]
SQL: SHOW COLUMNS FROM `clang_results` [ RunTime:0.364359s ]
SQL: SELECT * FROM `clang_results` ORDER BY id desc LIMIT 0,5   [ RunTime:0.001301s ]
SQL: SHOW COLUMNS FROM `clang_team` [ RunTime:0.332957s ]
SQL: SELECT * FROM `clang_team` WHERE ( `type` = '教师队伍' ) ORDER BY id desc LIMIT 0,5   [ RunTime:0.001308s ]
INFO: [ view_parse ] --START--
NOTIC: [8] Undefined index: site E:\Web\website\clang\APP\Runtime\Cache\Home\b71efac2c45dfbbb12a5b9b57341de1f.php 第 295 行.
NOTIC: [8] Undefined index: site E:\Web\website\clang\APP\Runtime\Cache\Home\b71efac2c45dfbbb12a5b9b57341de1f.php 第 295 行.
NOTIC: [8] Undefined index: site E:\Web\website\clang\APP\Runtime\Cache\Home\b71efac2c45dfbbb12a5b9b57341de1f.php 第 295 行.
NOTIC: [8] Undefined index: site E:\Web\website\clang\APP\Runtime\Cache\Home\b71efac2c45dfbbb12a5b9b57341de1f.php 第 295 行.
NOTIC: [8] Undefined index: site E:\Web\website\clang\APP\Runtime\Cache\Home\b71efac2c45dfbbb12a5b9b57341de1f.php 第 295 行.
NOTIC: [8] Undefined variable: youlin E:\Web\website\clang\APP\Runtime\Cache\Home\b71efac2c45dfbbb12a5b9b57341de1f.php 第 390 行.
NOTIC: [8] Undefined variable: youlin E:\Web\website\clang\APP\Runtime\Cache\Home\b71efac2c45dfbbb12a5b9b57341de1f.php 第 390 行.
NOTIC: [8] Undefined variable: youlin E:\Web\website\clang\APP\Runtime\Cache\Home\b71efac2c45dfbbb12a5b9b57341de1f.php 第 390 行.
NOTIC: [8] Undefined variable: youlin E:\Web\website\clang\APP\Runtime\Cache\Home\b71efac2c45dfbbb12a5b9b57341de1f.php 第 390 行.
NOTIC: [8] Undefined variable: youlin E:\Web\website\clang\APP\Runtime\Cache\Home\b71efac2c45dfbbb12a5b9b57341de1f.php 第 390 行.
NOTIC: [8] Undefined variable: youlin E:\Web\website\clang\APP\Runtime\Cache\Home\b71efac2c45dfbbb12a5b9b57341de1f.php 第 390 行.
INFO: ParseTemplate Behavior ::run [ RunTime:2.759186s ]
INFO: [ view_parse ] --END-- [ RunTime:2.759384s ]
INFO: [ view_filter ] --START--
INFO: ContentReplace Behavior ::run [ RunTime:0.077751s ]
INFO: TokenBuild Behavior ::run [ RunTime:0.190451s ]
INFO: WriteHtmlCache Behavior ::run [ RunTime:0.132157s ]
INFO: ShowRuntime Behavior ::run [ RunTime:0.125401s ]
INFO: [ view_filter ] --END-- [ RunTime:0.526344s ]
INFO: [ view_end ] --START--
INFO: ShowPageTrace Behavior ::run [ RunTime:0.144366s ]
INFO: [ view_end ] --END-- [ RunTime:0.144574s ]

[ 2013-12-15T09:25:30+08:00 ] 127.0.0.1 /clang/Home/Resources/index.html
INFO: [ route_check ] --START--
INFO: CheckRoute Behavior ::run [ RunTime:0.076274s ]
INFO: [ route_check ] --END-- [ RunTime:0.076537s ]
INFO: [ app_begin ] --START--
INFO: ReadHtmlCache Behavior ::run [ RunTime:0.001876s ]
INFO: [ app_begin ] --END-- [ RunTime:0.002060s ]
SQL: SHOW COLUMNS FROM `clang_about` [ RunTime:0.006443s ]
SQL: SELECT * FROM `clang_about` WHERE ( `type` = '版权信息' ) ORDER BY id desc LIMIT 1   [ RunTime:0.000964s ]
SQL: SHOW COLUMNS FROM `clang_link` [ RunTime:0.007750s ]
SQL: SELECT * FROM `clang_link` ORDER BY rank asc LIMIT 0,6   [ RunTime:0.000796s ]
SQL: SELECT `content` FROM `clang_about` WHERE ( `type` = '关于我们' ) ORDER BY id desc LIMIT 1   [ RunTime:0.000588s ]
SQL: SHOW COLUMNS FROM `clang_resources` [ RunTime:0.272227s ]
SQL: SELECT `id`,`title`,`time` FROM `clang_resources` WHERE ( `type` = '电子书' ) ORDER BY id desc LIMIT 0,20   [ RunTime:0.000722s ]
SQL: SELECT `id`,`title`,`time` FROM `clang_resources` WHERE ( `type` = '开源代码' ) ORDER BY id desc LIMIT 0,20   [ RunTime:0.000611s ]
INFO: [ view_parse ] --START--
NOTIC: [8] Undefined variable: youlin E:\Web\website\clang\APP\Runtime\Cache\Home\dc7fd1426277f7609f6a2b3ace056a7c.php 第 319 行.
NOTIC: [8] Undefined variable: youlin E:\Web\website\clang\APP\Runtime\Cache\Home\dc7fd1426277f7609f6a2b3ace056a7c.php 第 319 行.
NOTIC: [8] Undefined variable: youlin E:\Web\website\clang\APP\Runtime\Cache\Home\dc7fd1426277f7609f6a2b3ace056a7c.php 第 319 行.
NOTIC: [8] Undefined variable: youlin E:\Web\website\clang\APP\Runtime\Cache\Home\dc7fd1426277f7609f6a2b3ace056a7c.php 第 319 行.
NOTIC: [8] Undefined variable: youlin E:\Web\website\clang\APP\Runtime\Cache\Home\dc7fd1426277f7609f6a2b3ace056a7c.php 第 319 行.
NOTIC: [8] Undefined variable: youlin E:\Web\website\clang\APP\Runtime\Cache\Home\dc7fd1426277f7609f6a2b3ace056a7c.php 第 319 行.
INFO: ParseTemplate Behavior ::run [ RunTime:0.284691s ]
INFO: [ view_parse ] --END-- [ RunTime:0.284869s ]
INFO: [ view_filter ] --START--
INFO: ContentReplace Behavior ::run [ RunTime:0.000973s ]
INFO: TokenBuild Behavior ::run [ RunTime:0.000796s ]
INFO: WriteHtmlCache Behavior ::run [ RunTime:0.000576s ]
INFO: ShowRuntime Behavior ::run [ RunTime:0.001559s ]
INFO: [ view_filter ] --END-- [ RunTime:0.004200s ]
INFO: [ view_end ] --START--
INFO: ShowPageTrace Behavior ::run [ RunTime:0.003257s ]
INFO: [ view_end ] --END-- [ RunTime:0.003443s ]

[ 2013-12-15T09:33:36+08:00 ] 127.0.0.1 /clang/Home/Index/index.html
INFO: [ route_check ] --START--
INFO: CheckRoute Behavior ::run [ RunTime:0.001081s ]
INFO: [ route_check ] --END-- [ RunTime:0.001182s ]
INFO: [ app_begin ] --START--
INFO: ReadHtmlCache Behavior ::run [ RunTime:0.000792s ]
INFO: [ app_begin ] --END-- [ RunTime:0.000873s ]
NOTIC: [2048] Non-static method CommonAction::footer() should not be called statically, assuming $this from incompatible context E:\Web\website\clang\APP\Modules\Home\Action\IndexAction.class.php 第 7 行.
NOTIC: [2048] Non-static method CommonAction::copyRight() should not be called statically, assuming $this from incompatible context E:\Web\website\clang\APP\Modules\Home\Action\CommonAction.class.php 第 14 行.
SQL: SHOW COLUMNS FROM `clang_about` [ RunTime:0.005207s ]
SQL: SELECT * FROM `clang_about` WHERE ( `type` = '版权信息' ) ORDER BY id desc LIMIT 1   [ RunTime:0.000609s ]
NOTIC: [2048] Non-static method CommonAction::youlink() should not be called statically, assuming $this from incompatible context E:\Web\website\clang\APP\Modules\Home\Action\CommonAction.class.php 第 15 行.
SQL: SHOW COLUMNS FROM `clang_link` [ RunTime:0.004159s ]
SQL: SELECT * FROM `clang_link` ORDER BY rank asc LIMIT 0,6   [ RunTime:0.000520s ]
NOTIC: [2048] Non-static method CommonAction::jieshao() should not be called statically, assuming $this from incompatible context E:\Web\website\clang\APP\Modules\Home\Action\CommonAction.class.php 第 16 行.
SQL: SELECT `content` FROM `clang_about` WHERE ( `type` = '关于我们' ) ORDER BY id desc LIMIT 1   [ RunTime:0.000394s ]
SQL: SHOW COLUMNS FROM `clang_practice` [ RunTime:0.004242s ]
SQL: SELECT `id`,`title`,`time` FROM `clang_practice` WHERE ( `type` = '学生设计' ) ORDER BY id desc LIMIT 0,10   [ RunTime:0.000518s ]
SQL: SHOW COLUMNS FROM `clang_news` [ RunTime:0.004032s ]
SQL: SELECT `id`,`title`,`time` FROM `clang_news` ORDER BY id desc LIMIT 0,10   [ RunTime:0.000447s ]
SQL: SHOW COLUMNS FROM `clang_notice` [ RunTime:0.003813s ]
SQL: SELECT `content` FROM `clang_notice` WHERE ( `type` = '最新公告' ) ORDER BY id desc LIMIT 1   [ RunTime:0.000347s ]
SQL: SHOW COLUMNS FROM `clang_results` [ RunTime:0.003588s ]
SQL: SELECT * FROM `clang_results` ORDER BY id desc LIMIT 0,5   [ RunTime:0.000446s ]
SQL: SHOW COLUMNS FROM `clang_team` [ RunTime:0.003683s ]
SQL: SELECT * FROM `clang_team` WHERE ( `type` = '教师队伍' ) ORDER BY id desc LIMIT 0,5   [ RunTime:0.000482s ]
INFO: [ view_parse ] --START--
NOTIC: [8] Undefined index: site E:\Web\website\clang\APP\Runtime\Cache\Home\b71efac2c45dfbbb12a5b9b57341de1f.php 第 295 行.
NOTIC: [8] Undefined index: site E:\Web\website\clang\APP\Runtime\Cache\Home\b71efac2c45dfbbb12a5b9b57341de1f.php 第 295 行.
NOTIC: [8] Undefined index: site E:\Web\website\clang\APP\Runtime\Cache\Home\b71efac2c45dfbbb12a5b9b57341de1f.php 第 295 行.
NOTIC: [8] Undefined index: site E:\Web\website\clang\APP\Runtime\Cache\Home\b71efac2c45dfbbb12a5b9b57341de1f.php 第 295 行.
NOTIC: [8] Undefined index: site E:\Web\website\clang\APP\Runtime\Cache\Home\b71efac2c45dfbbb12a5b9b57341de1f.php 第 295 行.
NOTIC: [8] Undefined variable: youlin E:\Web\website\clang\APP\Runtime\Cache\Home\b71efac2c45dfbbb12a5b9b57341de1f.php 第 390 行.
NOTIC: [8] Undefined variable: youlin E:\Web\website\clang\APP\Runtime\Cache\Home\b71efac2c45dfbbb12a5b9b57341de1f.php 第 390 行.
NOTIC: [8] Undefined variable: youlin E:\Web\website\clang\APP\Runtime\Cache\Home\b71efac2c45dfbbb12a5b9b57341de1f.php 第 390 行.
NOTIC: [8] Undefined variable: youlin E:\Web\website\clang\APP\Runtime\Cache\Home\b71efac2c45dfbbb12a5b9b57341de1f.php 第 390 行.
NOTIC: [8] Undefined variable: youlin E:\Web\website\clang\APP\Runtime\Cache\Home\b71efac2c45dfbbb12a5b9b57341de1f.php 第 390 行.
NOTIC: [8] Undefined variable: youlin E:\Web\website\clang\APP\Runtime\Cache\Home\b71efac2c45dfbbb12a5b9b57341de1f.php 第 390 行.
INFO: ParseTemplate Behavior ::run [ RunTime:0.018997s ]
INFO: [ view_parse ] --END-- [ RunTime:0.019058s ]
INFO: [ view_filter ] --START--
INFO: ContentReplace Behavior ::run [ RunTime:0.000678s ]
INFO: TokenBuild Behavior ::run [ RunTime:0.000518s ]
INFO: WriteHtmlCache Behavior ::run [ RunTime:0.000394s ]
INFO: ShowRuntime Behavior ::run [ RunTime:0.000583s ]
INFO: [ view_filter ] --END-- [ RunTime:0.002308s ]
INFO: [ view_end ] --START--
INFO: ShowPageTrace Behavior ::run [ RunTime:0.001126s ]
INFO: [ view_end ] --END-- [ RunTime:0.001214s ]

[ 2013-12-15T09:34:36+08:00 ] 127.0.0.1 /clang/Home/Content/method.html
INFO: [ route_check ] --START--
INFO: CheckRoute Behavior ::run [ RunTime:0.000784s ]
INFO: [ route_check ] --END-- [ RunTime:0.000859s ]
INFO: [ app_begin ] --START--
INFO: ReadHtmlCache Behavior ::run [ RunTime:0.000555s ]
INFO: [ app_begin ] --END-- [ RunTime:0.000612s ]
SQL: SHOW COLUMNS FROM `clang_about` [ RunTime:0.005578s ]
SQL: SELECT * FROM `clang_about` WHERE ( `type` = '版权信息' ) ORDER BY id desc LIMIT 1   [ RunTime:0.000607s ]
SQL: SHOW COLUMNS FROM `clang_link` [ RunTime:0.005676s ]
SQL: SELECT * FROM `clang_link` ORDER BY rank asc LIMIT 0,6   [ RunTime:0.000461s ]
SQL: SELECT `content` FROM `clang_about` WHERE ( `type` = '关于我们' ) ORDER BY id desc LIMIT 1   [ RunTime:0.000361s ]
SQL: SHOW COLUMNS FROM `clang_method` [ RunTime:0.062531s ]
SQL: SELECT COUNT(*) AS tp_count FROM `clang_method` LIMIT 1   [ RunTime:0.063535s ]
SQL: SELECT * FROM `clang_method` ORDER BY id  desc LIMIT 0,15   [ RunTime:0.003078s ]
SQL: SELECT * FROM `clang_method` ORDER BY click desc LIMIT 0,16   [ RunTime:0.003403s ]
INFO: [ view_parse ] --START--
NOTIC: [8] Undefined variable: page E:\Web\website\clang\APP\Runtime\Cache\Home\41cf007d4f96eae1602330f0f79bddb1.php 第 248 行.
NOTIC: [8] Undefined variable: youlin E:\Web\website\clang\APP\Runtime\Cache\Home\41cf007d4f96eae1602330f0f79bddb1.php 第 305 行.
NOTIC: [8] Undefined variable: youlin E:\Web\website\clang\APP\Runtime\Cache\Home\41cf007d4f96eae1602330f0f79bddb1.php 第 305 行.
NOTIC: [8] Undefined variable: youlin E:\Web\website\clang\APP\Runtime\Cache\Home\41cf007d4f96eae1602330f0f79bddb1.php 第 305 行.
NOTIC: [8] Undefined variable: youlin E:\Web\website\clang\APP\Runtime\Cache\Home\41cf007d4f96eae1602330f0f79bddb1.php 第 305 行.
NOTIC: [8] Undefined variable: youlin E:\Web\website\clang\APP\Runtime\Cache\Home\41cf007d4f96eae1602330f0f79bddb1.php 第 305 行.
NOTIC: [8] Undefined variable: youlin E:\Web\website\clang\APP\Runtime\Cache\Home\41cf007d4f96eae1602330f0f79bddb1.php 第 305 行.
INFO: ParseTemplate Behavior ::run [ RunTime:0.075590s ]
INFO: [ view_parse ] --END-- [ RunTime:0.075975s ]
INFO: [ view_filter ] --START--
INFO: ContentReplace Behavior ::run [ RunTime:0.002472s ]
INFO: TokenBuild Behavior ::run [ RunTime:0.002304s ]
INFO: WriteHtmlCache Behavior ::run [ RunTime:0.001611s ]
INFO: ShowRuntime Behavior ::run [ RunTime:0.001489s ]
INFO: [ view_filter ] --END-- [ RunTime:0.008520s ]
INFO: [ view_end ] --START--
INFO: ShowPageTrace Behavior ::run [ RunTime:0.002773s ]
INFO: [ view_end ] --END-- [ RunTime:0.003032s ]

[ 2013-12-15T09:34:46+08:00 ] 127.0.0.1 /clang/Content/meContent/id/24
INFO: [ route_check ] --START--
INFO: CheckRoute Behavior ::run [ RunTime:0.000823s ]
INFO: [ route_check ] --END-- [ RunTime:0.000900s ]
INFO: [ app_begin ] --START--
INFO: ReadHtmlCache Behavior ::run [ RunTime:0.000551s ]
INFO: [ app_begin ] --END-- [ RunTime:0.000608s ]
SQL: SHOW COLUMNS FROM `clang_about` [ RunTime:0.004646s ]
SQL: SELECT * FROM `clang_about` WHERE ( `type` = '版权信息' ) ORDER BY id desc LIMIT 1   [ RunTime:0.000475s ]
SQL: SHOW COLUMNS FROM `clang_link` [ RunTime:0.003910s ]
SQL: SELECT * FROM `clang_link` ORDER BY rank asc LIMIT 0,6   [ RunTime:0.000472s ]
SQL: SELECT `content` FROM `clang_about` WHERE ( `type` = '关于我们' ) ORDER BY id desc LIMIT 1   [ RunTime:0.000384s ]
SQL: SHOW COLUMNS FROM `clang_method` [ RunTime:0.004099s ]
NOTIC: [8] A session had already been started - ignoring session_start() E:\Web\website\clang\APP\Modules\Home\Action\CommonAction.class.php 第 98 行.
NOTIC: [8] Undefined index: method-24 E:\Web\website\clang\APP\Modules\Home\Action\CommonAction.class.php 第 103 行.
SQL: SELECT `click` FROM `clang_method` WHERE ( `id` = 24 ) LIMIT 1   [ RunTime:0.039526s ]
SQL: UPDATE `clang_method` SET `click`=4 WHERE ( `id` = 24 ) [ RunTime:0.169079s ]
SQL: SELECT * FROM `clang_method` WHERE ( `id` = 24 ) ORDER BY id desc  [ RunTime:0.001166s ]
SQL: SELECT * FROM `clang_method` WHERE ( `id` > '24' ) ORDER BY id asc LIMIT 0,1   [ RunTime:0.052431s ]
SQL: SELECT * FROM `clang_method` WHERE ( `id` < '24' ) ORDER BY id desc LIMIT 0,1   [ RunTime:0.001133s ]
SQL: SELECT * FROM `clang_method` ORDER BY click desc LIMIT 0,16   [ RunTime:0.001733s ]
SQL: SELECT * FROM `clang_method` WHERE ( `id` > '24' ) ORDER BY id asc LIMIT 0,1   [ RunTime:0.001008s ]
SQL: SELECT * FROM `clang_method` WHERE ( `id` < '24' ) ORDER BY id desc LIMIT 0,1   [ RunTime:0.001283s ]
INFO: [ view_parse ] --START--
NOTIC: [8] Undefined index: yun E:\Web\website\clang\APP\Runtime\Cache\Home\e889caa2b7b5aef6a10c613080ad4726.php 第 256 行.
NOTIC: [8] Undefined variable: youlin E:\Web\website\clang\APP\Runtime\Cache\Home\e889caa2b7b5aef6a10c613080ad4726.php 第 382 行.
NOTIC: [8] Undefined variable: youlin E:\Web\website\clang\APP\Runtime\Cache\Home\e889caa2b7b5aef6a10c613080ad4726.php 第 382 行.
NOTIC: [8] Undefined variable: youlin E:\Web\website\clang\APP\Runtime\Cache\Home\e889caa2b7b5aef6a10c613080ad4726.php 第 382 行.
NOTIC: [8] Undefined variable: youlin E:\Web\website\clang\APP\Runtime\Cache\Home\e889caa2b7b5aef6a10c613080ad4726.php 第 382 行.
NOTIC: [8] Undefined variable: youlin E:\Web\website\clang\APP\Runtime\Cache\Home\e889caa2b7b5aef6a10c613080ad4726.php 第 382 行.
NOTIC: [8] Undefined variable: youlin E:\Web\website\clang\APP\Runtime\Cache\Home\e889caa2b7b5aef6a10c613080ad4726.php 第 382 行.
INFO: ParseTemplate Behavior ::run [ RunTime:0.102600s ]
INFO: [ view_parse ] --END-- [ RunTime:0.102766s ]
INFO: [ view_filter ] --START--
INFO: ContentReplace Behavior ::run [ RunTime:0.001660s ]
INFO: TokenBuild Behavior ::run [ RunTime:0.001222s ]
INFO: WriteHtmlCache Behavior ::run [ RunTime:0.000852s ]
INFO: ShowRuntime Behavior ::run [ RunTime:0.001353s ]
INFO: [ view_filter ] --END-- [ RunTime:0.005485s ]
INFO: [ view_end ] --START--
INFO: ShowPageTrace Behavior ::run [ RunTime:0.002591s ]
INFO: [ view_end ] --END-- [ RunTime:0.002806s ]

[ 2013-12-15T09:35:29+08:00 ] 127.0.0.1 /clang/Home/Resources/code.html
INFO: [ route_check ] --START--
INFO: CheckRoute Behavior ::run [ RunTime:0.001118s ]
INFO: [ route_check ] --END-- [ RunTime:0.001235s ]
INFO: [ app_begin ] --START--
INFO: ReadHtmlCache Behavior ::run [ RunTime:0.000831s ]
INFO: [ app_begin ] --END-- [ RunTime:0.000936s ]
SQL: SHOW COLUMNS FROM `clang_about` [ RunTime:0.014452s ]
SQL: SELECT * FROM `clang_about` WHERE ( `type` = '版权信息' ) ORDER BY id desc LIMIT 1   [ RunTime:0.001110s ]
SQL: SHOW COLUMNS FROM `clang_link` [ RunTime:0.011917s ]
SQL: SELECT * FROM `clang_link` ORDER BY rank asc LIMIT 0,6   [ RunTime:0.001092s ]
SQL: SELECT `content` FROM `clang_about` WHERE ( `type` = '关于我们' ) ORDER BY id desc LIMIT 1   [ RunTime:0.000853s ]
SQL: SHOW COLUMNS FROM `clang_resources` [ RunTime:0.012632s ]
SQL: SELECT COUNT(*) AS tp_count FROM `clang_resources` WHERE ( `type` = '开源代码' ) LIMIT 1   [ RunTime:0.000957s ]
SQL: SELECT * FROM `clang_resources` WHERE ( `type` = '开源代码' ) ORDER BY id  desc LIMIT 0,5   [ RunTime:0.001148s ]
SQL: SELECT * FROM `clang_resources` WHERE ( `type` = '开源代码' ) ORDER BY click desc LIMIT 0,20   [ RunTime:0.001175s ]
INFO: [ view_parse ] --START--
NOTIC: [8] Undefined variable: youlin E:\Web\website\clang\APP\Runtime\Cache\Home\f90e3a5cf5d1004eec7aee13e1100162.php 第 333 行.
NOTIC: [8] Undefined variable: youlin E:\Web\website\clang\APP\Runtime\Cache\Home\f90e3a5cf5d1004eec7aee13e1100162.php 第 333 行.
NOTIC: [8] Undefined variable: youlin E:\Web\website\clang\APP\Runtime\Cache\Home\f90e3a5cf5d1004eec7aee13e1100162.php 第 333 行.
NOTIC: [8] Undefined variable: youlin E:\Web\website\clang\APP\Runtime\Cache\Home\f90e3a5cf5d1004eec7aee13e1100162.php 第 333 行.
NOTIC: [8] Undefined variable: youlin E:\Web\website\clang\APP\Runtime\Cache\Home\f90e3a5cf5d1004eec7aee13e1100162.php 第 333 行.
NOTIC: [8] Undefined variable: youlin E:\Web\website\clang\APP\Runtime\Cache\Home\f90e3a5cf5d1004eec7aee13e1100162.php 第 333 行.
INFO: ParseTemplate Behavior ::run [ RunTime:0.090936s ]
INFO: [ view_parse ] --END-- [ RunTime:0.091120s ]
INFO: [ view_filter ] --START--
INFO: ContentReplace Behavior ::run [ RunTime:0.003030s ]
INFO: TokenBuild Behavior ::run [ RunTime:0.001870s ]
INFO: WriteHtmlCache Behavior ::run [ RunTime:0.000929s ]
INFO: ShowRuntime Behavior ::run [ RunTime:0.001448s ]
INFO: [ view_filter ] --END-- [ RunTime:0.007839s ]
INFO: [ view_end ] --START--
INFO: ShowPageTrace Behavior ::run [ RunTime:0.003914s ]
INFO: [ view_end ] --END-- [ RunTime:0.004265s ]

[ 2013-12-15T09:35:31+08:00 ] 127.0.0.1 /clang/Resources/cContent/id/25
INFO: [ route_check ] --START--
INFO: CheckRoute Behavior ::run [ RunTime:0.001123s ]
INFO: [ route_check ] --END-- [ RunTime:0.001227s ]
INFO: [ app_begin ] --START--
INFO: ReadHtmlCache Behavior ::run [ RunTime:0.000810s ]
INFO: [ app_begin ] --END-- [ RunTime:0.000892s ]
SQL: SHOW COLUMNS FROM `clang_about` [ RunTime:0.004633s ]
SQL: SELECT * FROM `clang_about` WHERE ( `type` = '版权信息' ) ORDER BY id desc LIMIT 1   [ RunTime:0.000553s ]
SQL: SHOW COLUMNS FROM `clang_link` [ RunTime:0.005403s ]
SQL: SELECT * FROM `clang_link` ORDER BY rank asc LIMIT 0,6   [ RunTime:0.000434s ]
SQL: SELECT `content` FROM `clang_about` WHERE ( `type` = '关于我们' ) ORDER BY id desc LIMIT 1   [ RunTime:0.000310s ]
SQL: SHOW COLUMNS FROM `clang_resources` [ RunTime:0.004033s ]
NOTIC: [8] A session had already been started - ignoring session_start() E:\Web\website\clang\APP\Modules\Home\Action\CommonAction.class.php 第 98 行.
NOTIC: [8] Undefined index: ebook-25 E:\Web\website\clang\APP\Modules\Home\Action\CommonAction.class.php 第 103 行.
SQL: SELECT `click` FROM `clang_resources` WHERE ( `type` = '开源代码' ) AND ( `id` = 25 ) LIMIT 1   [ RunTime:0.000361s ]
SQL: UPDATE `clang_resources` SET `click`=3 WHERE ( `type` = '开源代码' ) AND ( `id` = 25 ) [ RunTime:0.034405s ]
SQL: SELECT * FROM `clang_resources` WHERE ( `type` = '开源代码' ) AND ( `id` = 25 ) ORDER BY id desc  [ RunTime:0.000423s ]
SQL: SELECT * FROM `clang_resources` WHERE ( `id` > '25' ) ORDER BY id asc LIMIT 0,1   [ RunTime:0.000478s ]
SQL: SELECT * FROM `clang_resources` WHERE ( `id` < '25' ) ORDER BY id desc LIMIT 0,1   [ RunTime:0.000374s ]
SQL: SELECT * FROM `clang_resources` WHERE ( `type` = '开源代码' ) ORDER BY click desc LIMIT 0,20   [ RunTime:0.000441s ]
SQL: SELECT * FROM `clang_resources` WHERE ( `type` = '开源代码' ) AND ( `id` > '25' ) ORDER BY id asc LIMIT 0,1   [ RunTime:0.000357s ]
SQL: SELECT * FROM `clang_resources` WHERE ( `type` = '开源代码' ) AND ( `id` < '25' ) ORDER BY id desc LIMIT 0,1   [ RunTime:0.000363s ]
INFO: [ view_parse ] --START--
NOTIC: [8] Undefined variable: youlin E:\Web\website\clang\APP\Runtime\Cache\Home\ec67a2047456ef9fd48e3d1e8e9e7373.php 第 374 行.
NOTIC: [8] Undefined variable: youlin E:\Web\website\clang\APP\Runtime\Cache\Home\ec67a2047456ef9fd48e3d1e8e9e7373.php 第 374 行.
NOTIC: [8] Undefined variable: youlin E:\Web\website\clang\APP\Runtime\Cache\Home\ec67a2047456ef9fd48e3d1e8e9e7373.php 第 374 行.
NOTIC: [8] Undefined variable: youlin E:\Web\website\clang\APP\Runtime\Cache\Home\ec67a2047456ef9fd48e3d1e8e9e7373.php 第 374 行.
NOTIC: [8] Undefined variable: youlin E:\Web\website\clang\APP\Runtime\Cache\Home\ec67a2047456ef9fd48e3d1e8e9e7373.php 第 374 行.
NOTIC: [8] Undefined variable: youlin E:\Web\website\clang\APP\Runtime\Cache\Home\ec67a2047456ef9fd48e3d1e8e9e7373.php 第 374 行.
INFO: ParseTemplate Behavior ::run [ RunTime:0.066877s ]
INFO: [ view_parse ] --END-- [ RunTime:0.066999s ]
INFO: [ view_filter ] --START--
INFO: ContentReplace Behavior ::run [ RunTime:0.001525s ]
INFO: TokenBuild Behavior ::run [ RunTime:0.001358s ]
INFO: WriteHtmlCache Behavior ::run [ RunTime:0.000927s ]
INFO: ShowRuntime Behavior ::run [ RunTime:0.001620s ]
INFO: [ view_filter ] --END-- [ RunTime:0.005842s ]
INFO: [ view_end ] --START--
INFO: ShowPageTrace Behavior ::run [ RunTime:0.002140s ]
INFO: [ view_end ] --END-- [ RunTime:0.002299s ]

[ 2013-12-15T09:37:33+08:00 ] 127.0.0.1 /clang/Admin/Index/index
INFO: [ route_check ] --START--
INFO: CheckRoute Behavior ::run [ RunTime:0.001468s ]
INFO: [ route_check ] --END-- [ RunTime:0.001580s ]
INFO: [ app_begin ] --START--
INFO: ReadHtmlCache Behavior ::run [ RunTime:0.000948s ]
INFO: [ app_begin ] --END-- [ RunTime:0.001037s ]
NOTIC: [8] Undefined index: name E:\Web\website\clang\APP\Modules\Admin\Action\CommonAction.class.php 第 31 行.
INFO: [ view_parse ] --START--
INFO: ParseTemplate Behavior ::run [ RunTime:0.032405s ]
INFO: [ view_parse ] --END-- [ RunTime:0.032547s ]
INFO: [ view_filter ] --START--
INFO: ContentReplace Behavior ::run [ RunTime:0.000598s ]
INFO: TokenBuild Behavior ::run [ RunTime:0.000439s ]
INFO: WriteHtmlCache Behavior ::run [ RunTime:0.000346s ]
INFO: ShowRuntime Behavior ::run [ RunTime:0.000485s ]
INFO: [ view_filter ] --END-- [ RunTime:0.002008s ]
INFO: [ view_end ] --START--
INFO: ShowPageTrace Behavior ::run [ RunTime:0.000605s ]
INFO: [ view_end ] --END-- [ RunTime:0.000646s ]

[ 2013-12-15T09:37:36+08:00 ] 127.0.0.1 /clang/Admin/Login/login
INFO: [ route_check ] --START--
INFO: CheckRoute Behavior ::run [ RunTime:0.002258s ]
INFO: [ route_check ] --END-- [ RunTime:0.002476s ]
INFO: [ app_begin ] --START--
INFO: ReadHtmlCache Behavior ::run [ RunTime:0.001564s ]
INFO: [ app_begin ] --END-- [ RunTime:0.001714s ]
NOTIC: [8] Undefined index: name E:\Web\website\clang\APP\Modules\Admin\Action\LoginAction.class.php 第 27 行.
INFO: [ view_parse ] --START--
INFO: ParseTemplate Behavior ::run [ RunTime:0.053522s ]
INFO: [ view_parse ] --END-- [ RunTime:0.053785s ]
INFO: [ view_filter ] --START--
INFO: ContentReplace Behavior ::run [ RunTime:0.001235s ]
INFO: TokenBuild Behavior ::run [ RunTime:0.001178s ]
INFO: WriteHtmlCache Behavior ::run [ RunTime:0.000906s ]
INFO: ShowRuntime Behavior ::run [ RunTime:0.001493s ]
INFO: [ view_filter ] --END-- [ RunTime:0.005248s ]
INFO: [ view_end ] --START--
INFO: ShowPageTrace Behavior ::run [ RunTime:0.002126s ]
INFO: [ view_end ] --END-- [ RunTime:0.002272s ]

[ 2013-12-15T09:37:51+08:00 ] 127.0.0.1 /clang/Admin/Login/loginCheck.html
INFO: [ route_check ] --START--
INFO: CheckRoute Behavior ::run [ RunTime:0.002364s ]
INFO: [ route_check ] --END-- [ RunTime:0.002583s ]
INFO: [ app_begin ] --START--
INFO: ReadHtmlCache Behavior ::run [ RunTime:0.001577s ]
INFO: [ app_begin ] --END-- [ RunTime:0.001738s ]
NOTIC: [8] Undefined variable: pwd E:\Web\website\clang\APP\Modules\Admin\Action\LoginAction.class.php 第 52 行.
SQL: SHOW COLUMNS FROM `clang_admin` [ RunTime:0.053005s ]
NOTIC: [8] Undefined index: pwd E:\Web\website\clang\APP\Modules\Admin\Action\LoginAction.class.php 第 63 行.
SQL: SELECT * FROM `clang_admin` WHERE ( `name` = 'hong' )  [ RunTime:0.001119s ]
NOTIC: [8] Undefined variable: set E:\Web\website\clang\ThinkPHP\Lib\Core\Db.class.php 第 293 行.
NOTIC: [2] implode(): Invalid arguments passed E:\Web\website\clang\ThinkPHP\Lib\Core\Db.class.php 第 293 行.
SQL: UPDATE `clang_admin` SET  WHERE ( name='hong' ) [ RunTime:0.031598s ]
ERR: 1064:You have an error in your SQL syntax; check the manual that corresponds to your MySQL server version for the right syntax to use near 'WHERE ( name='hong' )' at line 1
 [ SQL语句 ] : UPDATE `clang_admin` SET  WHERE ( name='hong' )
INFO: [ view_parse ] --START--
INFO: ParseTemplate Behavior ::run [ RunTime:0.035354s ]
INFO: [ view_parse ] --END-- [ RunTime:0.035595s ]
INFO: [ view_filter ] --START--
INFO: ContentReplace Behavior ::run [ RunTime:0.001253s ]
INFO: TokenBuild Behavior ::run [ RunTime:0.001194s ]
INFO: WriteHtmlCache Behavior ::run [ RunTime:0.000854s ]
INFO: ShowRuntime Behavior ::run [ RunTime:0.001338s ]
INFO: [ view_filter ] --END-- [ RunTime:0.005042s ]
INFO: [ view_end ] --START--
INFO: ShowPageTrace Behavior ::run [ RunTime:0.001739s ]
INFO: [ view_end ] --END-- [ RunTime:0.001883s ]

[ 2013-12-15T09:37:52+08:00 ] 127.0.0.1 /clang/Admin/Index/index
INFO: [ route_check ] --START--
INFO: CheckRoute Behavior ::run [ RunTime:0.002178s ]
INFO: [ route_check ] --END-- [ RunTime:0.002375s ]
INFO: [ app_begin ] --START--
INFO: ReadHtmlCache Behavior ::run [ RunTime:0.001569s ]
INFO: [ app_begin ] --END-- [ RunTime:0.001743s ]
INFO: [ view_parse ] --START--
INFO: ParseTemplate Behavior ::run [ RunTime:0.025871s ]
INFO: [ view_parse ] --END-- [ RunTime:0.026027s ]
INFO: [ view_filter ] --START--
INFO: ContentReplace Behavior ::run [ RunTime:0.000632s ]
INFO: TokenBuild Behavior ::run [ RunTime:0.000652s ]
INFO: WriteHtmlCache Behavior ::run [ RunTime:0.000485s ]
INFO: ShowRuntime Behavior ::run [ RunTime:0.000766s ]
INFO: [ view_filter ] --END-- [ RunTime:0.002787s ]
INFO: [ view_end ] --START--
INFO: ShowPageTrace Behavior ::run [ RunTime:0.001005s ]
INFO: [ view_end ] --END-- [ RunTime:0.001101s ]

[ 2013-12-15T09:37:52+08:00 ] 127.0.0.1 /clang/Admin/Index/left.html
INFO: [ route_check ] --START--
INFO: CheckRoute Behavior ::run [ RunTime:0.001273s ]
INFO: [ route_check ] --END-- [ RunTime:0.001386s ]
INFO: [ app_begin ] --START--
INFO: ReadHtmlCache Behavior ::run [ RunTime:0.000891s ]
INFO: [ app_begin ] --END-- [ RunTime:0.000980s ]
INFO: [ view_parse ] --START--
INFO: ParseTemplate Behavior ::run [ RunTime:0.026146s ]
INFO: [ view_parse ] --END-- [ RunTime:0.026272s ]
INFO: [ view_filter ] --START--
INFO: ContentReplace Behavior ::run [ RunTime:0.000760s ]
INFO: TokenBuild Behavior ::run [ RunTime:0.000677s ]
INFO: WriteHtmlCache Behavior ::run [ RunTime:0.000569s ]
INFO: ShowRuntime Behavior ::run [ RunTime:0.001332s ]
INFO: [ view_filter ] --END-- [ RunTime:0.003633s ]
INFO: [ view_end ] --START--
INFO: ShowPageTrace Behavior ::run [ RunTime:0.001351s ]
INFO: [ view_end ] --END-- [ RunTime:0.001472s ]

[ 2013-12-15T09:37:52+08:00 ] 127.0.0.1 /clang/Admin/Index/right.html
INFO: [ route_check ] --START--
INFO: CheckRoute Behavior ::run [ RunTime:0.001597s ]
INFO: [ route_check ] --END-- [ RunTime:0.001759s ]
INFO: [ app_begin ] --START--
INFO: ReadHtmlCache Behavior ::run [ RunTime:0.001055s ]
INFO: [ app_begin ] --END-- [ RunTime:0.001167s ]
INFO: [ view_parse ] --START--
INFO: ParseTemplate Behavior ::run [ RunTime:0.010436s ]
INFO: [ view_parse ] --END-- [ RunTime:0.010570s ]
INFO: [ view_filter ] --START--
INFO: ContentReplace Behavior ::run [ RunTime:0.001219s ]
INFO: TokenBuild Behavior ::run [ RunTime:0.001109s ]
INFO: WriteHtmlCache Behavior ::run [ RunTime:0.000730s ]
INFO: ShowRuntime Behavior ::run [ RunTime:0.000582s ]
INFO: [ view_filter ] --END-- [ RunTime:0.003919s ]
INFO: [ view_end ] --START--
INFO: ShowPageTrace Behavior ::run [ RunTime:0.000629s ]
INFO: [ view_end ] --END-- [ RunTime:0.000688s ]

[ 2013-12-15T09:38:01+08:00 ] 127.0.0.1 /clang/Admin/Notice/add
INFO: [ route_check ] --START--
INFO: CheckRoute Behavior ::run [ RunTime:0.000786s ]
INFO: [ route_check ] --END-- [ RunTime:0.000859s ]
INFO: [ app_begin ] --START--
INFO: ReadHtmlCache Behavior ::run [ RunTime:0.000848s ]
INFO: [ app_begin ] --END-- [ RunTime:0.000928s ]
NOTIC: [2048] Declaration of NoticeAction::edit() should be compatible with CommonAction::edit($tbName) E:\Web\website\clang\APP\Modules\Admin\Action\NoticeAction.class.php 第 7 行.
INFO: [ view_parse ] --START--
INFO: ParseTemplate Behavior ::run [ RunTime:0.022283s ]
INFO: [ view_parse ] --END-- [ RunTime:0.022381s ]
INFO: [ view_filter ] --START--
INFO: ContentReplace Behavior ::run [ RunTime:0.000434s ]
INFO: TokenBuild Behavior ::run [ RunTime:0.000405s ]
INFO: WriteHtmlCache Behavior ::run [ RunTime:0.000413s ]
INFO: ShowRuntime Behavior ::run [ RunTime:0.000607s ]
INFO: [ view_filter ] --END-- [ RunTime:0.002019s ]
INFO: [ view_end ] --START--
INFO: ShowPageTrace Behavior ::run [ RunTime:0.000666s ]
INFO: [ view_end ] --END-- [ RunTime:0.000731s ]

[ 2013-12-15T09:38:02+08:00 ] 127.0.0.1 /clang/Admin/Notice/browse
INFO: [ route_check ] --START--
INFO: CheckRoute Behavior ::run [ RunTime:0.000755s ]
INFO: [ route_check ] --END-- [ RunTime:0.000826s ]
INFO: [ app_begin ] --START--
INFO: ReadHtmlCache Behavior ::run [ RunTime:0.000535s ]
INFO: [ app_begin ] --END-- [ RunTime:0.000589s ]
NOTIC: [2048] Declaration of NoticeAction::edit() should be compatible with CommonAction::edit($tbName) E:\Web\website\clang\APP\Modules\Admin\Action\NoticeAction.class.php 第 7 行.
SQL: SHOW COLUMNS FROM `clang_notice` [ RunTime:0.004195s ]
SQL: SELECT COUNT(*) AS tp_count FROM `clang_notice` WHERE ( `type` = '最新公告' ) LIMIT 1   [ RunTime:0.000428s ]
SQL: SELECT * FROM `clang_notice` WHERE ( `type` = '最新公告' ) ORDER BY id  desc LIMIT 0,16   [ RunTime:0.000418s ]
INFO: [ view_parse ] --START--
NOTIC: [8] Undefined variable: page E:\Web\website\clang\APP\Runtime\Cache\Admin\6cfc67ae62b7e373cfabf170c210b468.php 第 40 行.
INFO: ParseTemplate Behavior ::run [ RunTime:0.037464s ]
INFO: [ view_parse ] --END-- [ RunTime:0.037525s ]
INFO: [ view_filter ] --START--
INFO: ContentReplace Behavior ::run [ RunTime:0.000457s ]
INFO: TokenBuild Behavior ::run [ RunTime:0.000395s ]
INFO: WriteHtmlCache Behavior ::run [ RunTime:0.000296s ]
INFO: ShowRuntime Behavior ::run [ RunTime:0.000460s ]
INFO: [ view_filter ] --END-- [ RunTime:0.001747s ]
INFO: [ view_end ] --START--
INFO: ShowPageTrace Behavior ::run [ RunTime:0.000610s ]
INFO: [ view_end ] --END-- [ RunTime:0.000658s ]

[ 2013-12-15T09:38:03+08:00 ] 127.0.0.1 /clang/Admin/Timetable/browse
INFO: [ route_check ] --START--
INFO: CheckRoute Behavior ::run [ RunTime:0.000760s ]
INFO: [ route_check ] --END-- [ RunTime:0.000830s ]
INFO: [ app_begin ] --START--
INFO: ReadHtmlCache Behavior ::run [ RunTime:0.000557s ]
INFO: [ app_begin ] --END-- [ RunTime:0.000608s ]
NOTIC: [2048] Declaration of TimetableAction::edit() should be compatible with CommonAction::edit($tbName) E:\Web\website\clang\APP\Modules\Admin\Action\TimetableAction.class.php 第 7 行.
SQL: SHOW COLUMNS FROM `clang_notice` [ RunTime:0.004589s ]
SQL: SELECT COUNT(*) AS tp_count FROM `clang_notice` WHERE ( `type` = '本周课表' ) LIMIT 1   [ RunTime:0.000396s ]
SQL: SELECT * FROM `clang_notice` WHERE ( `type` = '本周课表' ) ORDER BY id  desc LIMIT 0,16   [ RunTime:0.000455s ]
INFO: [ view_parse ] --START--
NOTIC: [8] Undefined variable: page E:\Web\website\clang\APP\Runtime\Cache\Admin\6ae5ac48dee3e6277d224a868fcd7539.php 第 38 行.
INFO: ParseTemplate Behavior ::run [ RunTime:0.022249s ]
INFO: [ view_parse ] --END-- [ RunTime:0.022317s ]
INFO: [ view_filter ] --START--
INFO: ContentReplace Behavior ::run [ RunTime:0.000401s ]
INFO: TokenBuild Behavior ::run [ RunTime:0.000393s ]
INFO: WriteHtmlCache Behavior ::run [ RunTime:0.000316s ]
INFO: ShowRuntime Behavior ::run [ RunTime:0.000457s ]
INFO: [ view_filter ] --END-- [ RunTime:0.001705s ]
INFO: [ view_end ] --START--
INFO: ShowPageTrace Behavior ::run [ RunTime:0.000595s ]
INFO: [ view_end ] --END-- [ RunTime:0.000643s ]

[ 2013-12-15T09:42:17+08:00 ] 127.0.0.1 /clang/Admin/News/add
INFO: [ route_check ] --START--
INFO: CheckRoute Behavior ::run [ RunTime:0.000987s ]
INFO: [ route_check ] --END-- [ RunTime:0.001079s ]
INFO: [ app_begin ] --START--
INFO: ReadHtmlCache Behavior ::run [ RunTime:0.000641s ]
INFO: [ app_begin ] --END-- [ RunTime:0.000694s ]
NOTIC: [2048] Declaration of NewsAction::edit() should be compatible with CommonAction::edit($tbName) E:\Web\website\clang\APP\Modules\Admin\Action\NewsAction.class.php 第 4 行.
INFO: [ view_parse ] --START--
INFO: ParseTemplate Behavior ::run [ RunTime:0.023565s ]
INFO: [ view_parse ] --END-- [ RunTime:0.023656s ]
INFO: [ view_filter ] --START--
INFO: ContentReplace Behavior ::run [ RunTime:0.000533s ]
INFO: TokenBuild Behavior ::run [ RunTime:0.000488s ]
INFO: WriteHtmlCache Behavior ::run [ RunTime:0.000387s ]
INFO: ShowRuntime Behavior ::run [ RunTime:0.000553s ]
INFO: [ view_filter ] --END-- [ RunTime:0.002153s ]
INFO: [ view_end ] --START--
INFO: ShowPageTrace Behavior ::run [ RunTime:0.002221s ]
INFO: [ view_end ] --END-- [ RunTime:0.002364s ]

[ 2013-12-15T09:42:20+08:00 ] 127.0.0.1 /clang/Admin/Classics/browse
INFO: [ route_check ] --START--
INFO: CheckRoute Behavior ::run [ RunTime:0.000683s ]
INFO: [ route_check ] --END-- [ RunTime:0.000753s ]
INFO: [ app_begin ] --START--
INFO: ReadHtmlCache Behavior ::run [ RunTime:0.000469s ]
INFO: [ app_begin ] --END-- [ RunTime:0.000514s ]
NOTIC: [2048] Declaration of ClassicsAction::edit() should be compatible with CommonAction::edit($tbName) E:\Web\website\clang\APP\Modules\Admin\Action\ClassicsAction.class.php 第 7 行.
NOTIC: [2048] Non-static method PracticeAction::scan() should not be called statically, assuming $this from incompatible context E:\Web\website\clang\APP\Modules\Admin\Action\ClassicsAction.class.php 第 36 行.
SQL: SHOW COLUMNS FROM `clang_practice` [ RunTime:0.013718s ]
SQL: SELECT COUNT(*) AS tp_count FROM `clang_practice` WHERE ( `type` = '经典程序' ) LIMIT 1   [ RunTime:0.001341s ]
SQL: SELECT * FROM `clang_practice` WHERE ( `type` = '经典程序' ) ORDER BY id  desc LIMIT 0,10   [ RunTime:0.104692s ]
INFO: [ view_parse ] --START--
NOTIC: [8] Undefined variable: page E:\Web\website\clang\APP\Runtime\Cache\Admin\80b3d8b9b2d4007da8a04ee693ddbb47.php 第 54 行.
INFO: ParseTemplate Behavior ::run [ RunTime:0.062862s ]
INFO: [ view_parse ] --END-- [ RunTime:0.063032s ]
INFO: [ view_filter ] --START--
INFO: ContentReplace Behavior ::run [ RunTime:0.002021s ]
INFO: TokenBuild Behavior ::run [ RunTime:0.001725s ]
INFO: WriteHtmlCache Behavior ::run [ RunTime:0.001262s ]
INFO: ShowRuntime Behavior ::run [ RunTime:0.002272s ]
INFO: [ view_filter ] --END-- [ RunTime:0.007895s ]
INFO: [ view_end ] --START--
INFO: ShowPageTrace Behavior ::run [ RunTime:0.003145s ]
INFO: [ view_end ] --END-- [ RunTime:0.003380s ]

[ 2013-12-15T09:42:23+08:00 ] 127.0.0.1 /clang/Admin/Introduce/browse
INFO: [ route_check ] --START--
INFO: CheckRoute Behavior ::run [ RunTime:0.000782s ]
INFO: [ route_check ] --END-- [ RunTime:0.000859s ]
INFO: [ app_begin ] --START--
INFO: ReadHtmlCache Behavior ::run [ RunTime:0.000554s ]
INFO: [ app_begin ] --END-- [ RunTime:0.000608s ]
NOTIC: [2048] Declaration of IntroduceAction::edit() should be compatible with CommonAction::edit($tbName) E:\Web\website\clang\APP\Modules\Admin\Action\IntroduceAction.class.php 第 7 行.
NOTIC: [2048] Non-static method TeamAction::scan() should not be called statically, assuming $this from incompatible context E:\Web\website\clang\APP\Modules\Admin\Action\IntroduceAction.class.php 第 36 行.
SQL: SHOW COLUMNS FROM `clang_team` [ RunTime:0.004004s ]
SQL: SELECT COUNT(*) AS tp_count FROM `clang_team` WHERE ( `type` = '课程介绍' ) LIMIT 1   [ RunTime:0.000453s ]
SQL: SELECT * FROM `clang_team` WHERE ( `type` = '课程介绍' ) ORDER BY id  desc LIMIT 0,6   [ RunTime:0.000469s ]
INFO: [ view_parse ] --START--
NOTIC: [8] Undefined variable: page E:\Web\website\clang\APP\Runtime\Cache\Admin\a90d926b79f5817bbd4ed0e3d6d4e680.php 第 57 行.
INFO: ParseTemplate Behavior ::run [ RunTime:0.033843s ]
INFO: [ view_parse ] --END-- [ RunTime:0.033910s ]
INFO: [ view_filter ] --START--
INFO: ContentReplace Behavior ::run [ RunTime:0.000430s ]
INFO: TokenBuild Behavior ::run [ RunTime:0.000402s ]
INFO: WriteHtmlCache Behavior ::run [ RunTime:0.000294s ]
INFO: ShowRuntime Behavior ::run [ RunTime:0.000512s ]
INFO: [ view_filter ] --END-- [ RunTime:0.001789s ]
INFO: [ view_end ] --START--
INFO: ShowPageTrace Behavior ::run [ RunTime:0.000738s ]
INFO: [ view_end ] --END-- [ RunTime:0.000787s ]

[ 2013-12-15T09:42:27+08:00 ] 127.0.0.1 /clang/Home/Index/index.html
INFO: [ route_check ] --START--
INFO: CheckRoute Behavior ::run [ RunTime:0.001148s ]
INFO: [ route_check ] --END-- [ RunTime:0.001251s ]
INFO: [ app_begin ] --START--
INFO: ReadHtmlCache Behavior ::run [ RunTime:0.000857s ]
INFO: [ app_begin ] --END-- [ RunTime:0.000944s ]
NOTIC: [2048] Non-static method CommonAction::footer() should not be called statically, assuming $this from incompatible context E:\Web\website\clang\APP\Modules\Home\Action\IndexAction.class.php 第 7 行.
NOTIC: [2048] Non-static method CommonAction::copyRight() should not be called statically, assuming $this from incompatible context E:\Web\website\clang\APP\Modules\Home\Action\CommonAction.class.php 第 14 行.
SQL: SHOW COLUMNS FROM `clang_about` [ RunTime:0.003806s ]
SQL: SELECT * FROM `clang_about` WHERE ( `type` = '版权信息' ) ORDER BY id desc LIMIT 1   [ RunTime:0.000512s ]
NOTIC: [2048] Non-static method CommonAction::youlink() should not be called statically, assuming $this from incompatible context E:\Web\website\clang\APP\Modules\Home\Action\CommonAction.class.php 第 15 行.
SQL: SHOW COLUMNS FROM `clang_link` [ RunTime:0.003465s ]
SQL: SELECT * FROM `clang_link` ORDER BY rank asc LIMIT 0,6   [ RunTime:0.000485s ]
NOTIC: [2048] Non-static method CommonAction::jieshao() should not be called statically, assuming $this from incompatible context E:\Web\website\clang\APP\Modules\Home\Action\CommonAction.class.php 第 16 行.
SQL: SELECT `content` FROM `clang_about` WHERE ( `type` = '关于我们' ) ORDER BY id desc LIMIT 1   [ RunTime:0.000348s ]
SQL: SHOW COLUMNS FROM `clang_practice` [ RunTime:0.003399s ]
SQL: SELECT `id`,`title`,`time` FROM `clang_practice` WHERE ( `type` = '学生设计' ) ORDER BY id desc LIMIT 0,10   [ RunTime:0.000519s ]
SQL: SHOW COLUMNS FROM `clang_news` [ RunTime:0.003908s ]
SQL: SELECT `id`,`title`,`time` FROM `clang_news` ORDER BY id desc LIMIT 0,10   [ RunTime:0.000423s ]
SQL: SHOW COLUMNS FROM `clang_notice` [ RunTime:0.004376s ]
SQL: SELECT `content` FROM `clang_notice` WHERE ( `type` = '最新公告' ) ORDER BY id desc LIMIT 1   [ RunTime:0.000436s ]
SQL: SHOW COLUMNS FROM `clang_results` [ RunTime:0.004043s ]
SQL: SELECT * FROM `clang_results` ORDER BY id desc LIMIT 0,5   [ RunTime:0.000525s ]
SQL: SHOW COLUMNS FROM `clang_team` [ RunTime:0.003831s ]
SQL: SELECT * FROM `clang_team` WHERE ( `type` = '教师队伍' ) ORDER BY id desc LIMIT 0,5   [ RunTime:0.000524s ]
INFO: [ view_parse ] --START--
NOTIC: [8] Undefined index: site E:\Web\website\clang\APP\Runtime\Cache\Home\b71efac2c45dfbbb12a5b9b57341de1f.php 第 295 行.
NOTIC: [8] Undefined index: site E:\Web\website\clang\APP\Runtime\Cache\Home\b71efac2c45dfbbb12a5b9b57341de1f.php 第 295 行.
NOTIC: [8] Undefined index: site E:\Web\website\clang\APP\Runtime\Cache\Home\b71efac2c45dfbbb12a5b9b57341de1f.php 第 295 行.
NOTIC: [8] Undefined index: site E:\Web\website\clang\APP\Runtime\Cache\Home\b71efac2c45dfbbb12a5b9b57341de1f.php 第 295 行.
NOTIC: [8] Undefined index: site E:\Web\website\clang\APP\Runtime\Cache\Home\b71efac2c45dfbbb12a5b9b57341de1f.php 第 295 行.
NOTIC: [8] Undefined variable: youlin E:\Web\website\clang\APP\Runtime\Cache\Home\b71efac2c45dfbbb12a5b9b57341de1f.php 第 390 行.
NOTIC: [8] Undefined variable: youlin E:\Web\website\clang\APP\Runtime\Cache\Home\b71efac2c45dfbbb12a5b9b57341de1f.php 第 390 行.
NOTIC: [8] Undefined variable: youlin E:\Web\website\clang\APP\Runtime\Cache\Home\b71efac2c45dfbbb12a5b9b57341de1f.php 第 390 行.
NOTIC: [8] Undefined variable: youlin E:\Web\website\clang\APP\Runtime\Cache\Home\b71efac2c45dfbbb12a5b9b57341de1f.php 第 390 行.
NOTIC: [8] Undefined variable: youlin E:\Web\website\clang\APP\Runtime\Cache\Home\b71efac2c45dfbbb12a5b9b57341de1f.php 第 390 行.
NOTIC: [8] Undefined variable: youlin E:\Web\website\clang\APP\Runtime\Cache\Home\b71efac2c45dfbbb12a5b9b57341de1f.php 第 390 行.
INFO: ParseTemplate Behavior ::run [ RunTime:0.018167s ]
INFO: [ view_parse ] --END-- [ RunTime:0.018232s ]
INFO: [ view_filter ] --START--
INFO: ContentReplace Behavior ::run [ RunTime:0.000692s ]
INFO: TokenBuild Behavior ::run [ RunTime:0.000453s ]
INFO: WriteHtmlCache Behavior ::run [ RunTime:0.000315s ]
INFO: ShowRuntime Behavior ::run [ RunTime:0.000606s ]
INFO: [ view_filter ] --END-- [ RunTime:0.002220s ]
INFO: [ view_end ] --START--
INFO: ShowPageTrace Behavior ::run [ RunTime:0.001121s ]
INFO: [ view_end ] --END-- [ RunTime:0.001213s ]

[ 2013-12-15T09:42:39+08:00 ] 127.0.0.1 /clang/Home/Index/index.html
INFO: [ route_check ] --START--
INFO: CheckRoute Behavior ::run [ RunTime:0.000781s ]
INFO: [ route_check ] --END-- [ RunTime:0.000855s ]
INFO: [ app_begin ] --START--
INFO: ReadHtmlCache Behavior ::run [ RunTime:0.000557s ]
INFO: [ app_begin ] --END-- [ RunTime:0.000620s ]
NOTIC: [2048] Non-static method CommonAction::footer() should not be called statically, assuming $this from incompatible context E:\Web\website\clang\APP\Modules\Home\Action\IndexAction.class.php 第 7 行.
NOTIC: [2048] Non-static method CommonAction::copyRight() should not be called statically, assuming $this from incompatible context E:\Web\website\clang\APP\Modules\Home\Action\CommonAction.class.php 第 14 行.
SQL: SHOW COLUMNS FROM `clang_about` [ RunTime:0.011562s ]
SQL: SELECT * FROM `clang_about` WHERE ( `type` = '版权信息' ) ORDER BY id desc LIMIT 1   [ RunTime:0.001242s ]
NOTIC: [2048] Non-static method CommonAction::youlink() should not be called statically, assuming $this from incompatible context E:\Web\website\clang\APP\Modules\Home\Action\CommonAction.class.php 第 15 行.
SQL: SHOW COLUMNS FROM `clang_link` [ RunTime:0.011882s ]
SQL: SELECT * FROM `clang_link` ORDER BY rank asc LIMIT 0,6   [ RunTime:0.001237s ]
NOTIC: [2048] Non-static method CommonAction::jieshao() should not be called statically, assuming $this from incompatible context E:\Web\website\clang\APP\Modules\Home\Action\CommonAction.class.php 第 16 行.
SQL: SELECT `content` FROM `clang_about` WHERE ( `type` = '关于我们' ) ORDER BY id desc LIMIT 1   [ RunTime:0.001005s ]
SQL: SHOW COLUMNS FROM `clang_practice` [ RunTime:0.011085s ]
SQL: SELECT `id`,`title`,`time` FROM `clang_practice` WHERE ( `type` = '学生设计' ) ORDER BY id desc LIMIT 0,10   [ RunTime:0.001241s ]
SQL: SHOW COLUMNS FROM `clang_news` [ RunTime:0.012068s ]
SQL: SELECT `id`,`title`,`time` FROM `clang_news` ORDER BY id desc LIMIT 0,10   [ RunTime:0.000984s ]
SQL: SHOW COLUMNS FROM `clang_notice` [ RunTime:0.013081s ]
SQL: SELECT `content` FROM `clang_notice` WHERE ( `type` = '最新公告' ) ORDER BY id desc LIMIT 1   [ RunTime:0.001024s ]
SQL: SHOW COLUMNS FROM `clang_results` [ RunTime:0.013180s ]
SQL: SELECT * FROM `clang_results` ORDER BY id desc LIMIT 0,5   [ RunTime:0.001250s ]
SQL: SHOW COLUMNS FROM `clang_team` [ RunTime:0.011938s ]
SQL: SELECT * FROM `clang_team` WHERE ( `type` = '教师队伍' ) ORDER BY id desc LIMIT 0,5   [ RunTime:0.001373s ]
INFO: [ view_parse ] --START--
NOTIC: [8] Undefined index: site E:\Web\website\clang\APP\Runtime\Cache\Home\b71efac2c45dfbbb12a5b9b57341de1f.php 第 295 行.
NOTIC: [8] Undefined index: site E:\Web\website\clang\APP\Runtime\Cache\Home\b71efac2c45dfbbb12a5b9b57341de1f.php 第 295 行.
NOTIC: [8] Undefined index: site E:\Web\website\clang\APP\Runtime\Cache\Home\b71efac2c45dfbbb12a5b9b57341de1f.php 第 295 行.
NOTIC: [8] Undefined index: site E:\Web\website\clang\APP\Runtime\Cache\Home\b71efac2c45dfbbb12a5b9b57341de1f.php 第 295 行.
NOTIC: [8] Undefined index: site E:\Web\website\clang\APP\Runtime\Cache\Home\b71efac2c45dfbbb12a5b9b57341de1f.php 第 295 行.
NOTIC: [8] Undefined variable: youlin E:\Web\website\clang\APP\Runtime\Cache\Home\b71efac2c45dfbbb12a5b9b57341de1f.php 第 390 行.
NOTIC: [8] Undefined variable: youlin E:\Web\website\clang\APP\Runtime\Cache\Home\b71efac2c45dfbbb12a5b9b57341de1f.php 第 390 行.
NOTIC: [8] Undefined variable: youlin E:\Web\website\clang\APP\Runtime\Cache\Home\b71efac2c45dfbbb12a5b9b57341de1f.php 第 390 行.
NOTIC: [8] Undefined variable: youlin E:\Web\website\clang\APP\Runtime\Cache\Home\b71efac2c45dfbbb12a5b9b57341de1f.php 第 390 行.
NOTIC: [8] Undefined variable: youlin E:\Web\website\clang\APP\Runtime\Cache\Home\b71efac2c45dfbbb12a5b9b57341de1f.php 第 390 行.
NOTIC: [8] Undefined variable: youlin E:\Web\website\clang\APP\Runtime\Cache\Home\b71efac2c45dfbbb12a5b9b57341de1f.php 第 390 行.
INFO: ParseTemplate Behavior ::run [ RunTime:0.061152s ]
INFO: [ view_parse ] --END-- [ RunTime:0.061322s ]
INFO: [ view_filter ] --START--
INFO: ContentReplace Behavior ::run [ RunTime:0.000986s ]
INFO: TokenBuild Behavior ::run [ RunTime:0.000695s ]
INFO: WriteHtmlCache Behavior ::run [ RunTime:0.000481s ]
INFO: ShowRuntime Behavior ::run [ RunTime:0.000913s ]
INFO: [ view_filter ] --END-- [ RunTime:0.003303s ]
INFO: [ view_end ] --START--
INFO: ShowPageTrace Behavior ::run [ RunTime:0.001997s ]
INFO: [ view_end ] --END-- [ RunTime:0.002144s ]

[ 2013-12-15T09:43:17+08:00 ] 127.0.0.1 /clang/News/content/id/4
INFO: [ route_check ] --START--
INFO: CheckRoute Behavior ::run [ RunTime:0.001167s ]
INFO: [ route_check ] --END-- [ RunTime:0.001278s ]
INFO: [ app_begin ] --START--
INFO: ReadHtmlCache Behavior ::run [ RunTime:0.000872s ]
INFO: [ app_begin ] --END-- [ RunTime:0.000963s ]
NOTIC: [2048] Non-static method CommonAction::footer() should not be called statically, assuming $this from incompatible context E:\Web\website\clang\APP\Modules\Home\Action\NewsAction.class.php 第 46 行.
NOTIC: [2048] Non-static method CommonAction::copyRight() should not be called statically, assuming $this from incompatible context E:\Web\website\clang\APP\Modules\Home\Action\CommonAction.class.php 第 14 行.
SQL: SHOW COLUMNS FROM `clang_about` [ RunTime:0.003854s ]
SQL: SELECT * FROM `clang_about` WHERE ( `type` = '版权信息' ) ORDER BY id desc LIMIT 1   [ RunTime:0.000502s ]
NOTIC: [2048] Non-static method CommonAction::youlink() should not be called statically, assuming $this from incompatible context E:\Web\website\clang\APP\Modules\Home\Action\CommonAction.class.php 第 15 行.
SQL: SHOW COLUMNS FROM `clang_link` [ RunTime:0.003645s ]
SQL: SELECT * FROM `clang_link` ORDER BY rank asc LIMIT 0,6   [ RunTime:0.000438s ]
NOTIC: [2048] Non-static method CommonAction::jieshao() should not be called statically, assuming $this from incompatible context E:\Web\website\clang\APP\Modules\Home\Action\CommonAction.class.php 第 16 行.
SQL: SELECT `content` FROM `clang_about` WHERE ( `type` = '关于我们' ) ORDER BY id desc LIMIT 1   [ RunTime:0.000350s ]
NOTIC: [2048] Non-static method CommonAction::scanClick() should not be called statically, assuming $this from incompatible context E:\Web\website\clang\APP\Modules\Home\Action\NewsAction.class.php 第 52 行.
SQL: SHOW COLUMNS FROM `clang_news` [ RunTime:0.003638s ]
NOTIC: [8] A session had already been started - ignoring session_start() E:\Web\website\clang\APP\Modules\Home\Action\CommonAction.class.php 第 98 行.
NOTIC: [8] Undefined index: news-4 E:\Web\website\clang\APP\Modules\Home\Action\CommonAction.class.php 第 103 行.
SQL: SELECT `click` FROM `clang_news` WHERE ( `id` = 4 ) LIMIT 1   [ RunTime:0.000374s ]
SQL: UPDATE `clang_news` SET `click`=2 WHERE ( `id` = 4 ) [ RunTime:0.064940s ]
SQL: SELECT * FROM `clang_news` WHERE ( `id` = 4 ) ORDER BY id desc  [ RunTime:0.000448s ]
NOTIC: [2048] Non-static method CommonAction::up() should not be called statically, assuming $this from incompatible context E:\Web\website\clang\APP\Modules\Home\Action\CommonAction.class.php 第 112 行.
SQL: SELECT * FROM `clang_news` WHERE ( `id` > '4' ) ORDER BY id asc LIMIT 0,1   [ RunTime:0.000444s ]
NOTIC: [2048] Non-static method CommonAction::next() should not be called statically, assuming $this from incompatible context E:\Web\website\clang\APP\Modules\Home\Action\CommonAction.class.php 第 113 行.
SQL: SELECT * FROM `clang_news` WHERE ( `id` < '4' ) ORDER BY id desc LIMIT 0,1   [ RunTime:0.000410s ]
NOTIC: [2048] Non-static method CommonAction::rankList() should not be called statically, assuming $this from incompatible context E:\Web\website\clang\APP\Modules\Home\Action\NewsAction.class.php 第 70 行.
SQL: SELECT * FROM `clang_news` ORDER BY click desc LIMIT 0,10   [ RunTime:0.000630s ]
NOTIC: [2048] Non-static method CommonAction::up() should not be called statically, assuming $this from incompatible context E:\Web\website\clang\APP\Modules\Home\Action\NewsAction.class.php 第 57 行.
SQL: SELECT * FROM `clang_news` WHERE ( `id` > '4' ) ORDER BY id asc LIMIT 0,1   [ RunTime:0.000393s ]
NOTIC: [2048] Non-static method CommonAction::next() should not be called statically, assuming $this from incompatible context E:\Web\website\clang\APP\Modules\Home\Action\NewsAction.class.php 第 58 行.
SQL: SELECT * FROM `clang_news` WHERE ( `id` < '4' ) ORDER BY id desc LIMIT 0,1   [ RunTime:0.000463s ]
INFO: [ view_parse ] --START--
NOTIC: [8] Undefined variable: youlin E:\Web\website\clang\APP\Runtime\Cache\Home\75d7aa427e9205c1dfe4b7363ddaf576.php 第 321 行.
NOTIC: [8] Undefined variable: youlin E:\Web\website\clang\APP\Runtime\Cache\Home\75d7aa427e9205c1dfe4b7363ddaf576.php 第 321 行.
NOTIC: [8] Undefined variable: youlin E:\Web\website\clang\APP\Runtime\Cache\Home\75d7aa427e9205c1dfe4b7363ddaf576.php 第 321 行.
NOTIC: [8] Undefined variable: youlin E:\Web\website\clang\APP\Runtime\Cache\Home\75d7aa427e9205c1dfe4b7363ddaf576.php 第 321 行.
NOTIC: [8] Undefined variable: youlin E:\Web\website\clang\APP\Runtime\Cache\Home\75d7aa427e9205c1dfe4b7363ddaf576.php 第 321 行.
NOTIC: [8] Undefined variable: youlin E:\Web\website\clang\APP\Runtime\Cache\Home\75d7aa427e9205c1dfe4b7363ddaf576.php 第 321 行.
INFO: ParseTemplate Behavior ::run [ RunTime:0.119365s ]
INFO: [ view_parse ] --END-- [ RunTime:0.119499s ]
INFO: [ view_filter ] --START--
INFO: ContentReplace Behavior ::run [ RunTime:0.001287s ]
INFO: TokenBuild Behavior ::run [ RunTime:0.000774s ]
INFO: WriteHtmlCache Behavior ::run [ RunTime:0.000768s ]
INFO: ShowRuntime Behavior ::run [ RunTime:0.001439s ]
INFO: [ view_filter ] --END-- [ RunTime:0.004588s ]
INFO: [ view_end ] --START--
INFO: ShowPageTrace Behavior ::run [ RunTime:0.001528s ]
INFO: [ view_end ] --END-- [ RunTime:0.001642s ]

[ 2013-12-15T09:43:24+08:00 ] 127.0.0.1 /clang/News/content/id/7
INFO: [ route_check ] --START--
INFO: CheckRoute Behavior ::run [ RunTime:0.000762s ]
INFO: [ route_check ] --END-- [ RunTime:0.000835s ]
INFO: [ app_begin ] --START--
INFO: ReadHtmlCache Behavior ::run [ RunTime:0.000580s ]
INFO: [ app_begin ] --END-- [ RunTime:0.000634s ]
NOTIC: [2048] Non-static method CommonAction::footer() should not be called statically, assuming $this from incompatible context E:\Web\website\clang\APP\Modules\Home\Action\NewsAction.class.php 第 46 行.
NOTIC: [2048] Non-static method CommonAction::copyRight() should not be called statically, assuming $this from incompatible context E:\Web\website\clang\APP\Modules\Home\Action\CommonAction.class.php 第 14 行.
SQL: SHOW COLUMNS FROM `clang_about` [ RunTime:0.004077s ]
SQL: SELECT * FROM `clang_about` WHERE ( `type` = '版权信息' ) ORDER BY id desc LIMIT 1   [ RunTime:0.000442s ]
NOTIC: [2048] Non-static method CommonAction::youlink() should not be called statically, assuming $this from incompatible context E:\Web\website\clang\APP\Modules\Home\Action\CommonAction.class.php 第 15 行.
SQL: SHOW COLUMNS FROM `clang_link` [ RunTime:0.004102s ]
SQL: SELECT * FROM `clang_link` ORDER BY rank asc LIMIT 0,6   [ RunTime:0.000532s ]
NOTIC: [2048] Non-static method CommonAction::jieshao() should not be called statically, assuming $this from incompatible context E:\Web\website\clang\APP\Modules\Home\Action\CommonAction.class.php 第 16 行.
SQL: SELECT `content` FROM `clang_about` WHERE ( `type` = '关于我们' ) ORDER BY id desc LIMIT 1   [ RunTime:0.000403s ]
NOTIC: [2048] Non-static method CommonAction::scanClick() should not be called statically, assuming $this from incompatible context E:\Web\website\clang\APP\Modules\Home\Action\NewsAction.class.php 第 52 行.
SQL: SHOW COLUMNS FROM `clang_news` [ RunTime:0.004423s ]
NOTIC: [8] A session had already been started - ignoring session_start() E:\Web\website\clang\APP\Modules\Home\Action\CommonAction.class.php 第 98 行.
NOTIC: [8] Undefined index: news-7 E:\Web\website\clang\APP\Modules\Home\Action\CommonAction.class.php 第 103 行.
SQL: SELECT `click` FROM `clang_news` WHERE ( `id` = 7 ) LIMIT 1   [ RunTime:0.000399s ]
SQL: UPDATE `clang_news` SET `click`=3 WHERE ( `id` = 7 ) [ RunTime:0.039562s ]
SQL: SELECT * FROM `clang_news` WHERE ( `id` = 7 ) ORDER BY id desc  [ RunTime:0.001096s ]
NOTIC: [2048] Non-static method CommonAction::up() should not be called statically, assuming $this from incompatible context E:\Web\website\clang\APP\Modules\Home\Action\CommonAction.class.php 第 112 行.
SQL: SELECT * FROM `clang_news` WHERE ( `id` > '7' ) ORDER BY id asc LIMIT 0,1   [ RunTime:0.001063s ]
NOTIC: [2048] Non-static method CommonAction::next() should not be called statically, assuming $this from incompatible context E:\Web\website\clang\APP\Modules\Home\Action\CommonAction.class.php 第 113 行.
SQL: SELECT * FROM `clang_news` WHERE ( `id` < '7' ) ORDER BY id desc LIMIT 0,1   [ RunTime:0.000976s ]
NOTIC: [2048] Non-static method CommonAction::rankList() should not be called statically, assuming $this from incompatible context E:\Web\website\clang\APP\Modules\Home\Action\NewsAction.class.php 第 70 行.
SQL: SELECT * FROM `clang_news` ORDER BY click desc LIMIT 0,10   [ RunTime:0.001699s ]
NOTIC: [2048] Non-static method CommonAction::up() should not be called statically, assuming $this from incompatible context E:\Web\website\clang\APP\Modules\Home\Action\NewsAction.class.php 第 57 行.
SQL: SELECT * FROM `clang_news` WHERE ( `id` > '7' ) ORDER BY id asc LIMIT 0,1   [ RunTime:0.000903s ]
NOTIC: [2048] Non-static method CommonAction::next() should not be called statically, assuming $this from incompatible context E:\Web\website\clang\APP\Modules\Home\Action\NewsAction.class.php 第 58 行.
SQL: SELECT * FROM `clang_news` WHERE ( `id` < '7' ) ORDER BY id desc LIMIT 0,1   [ RunTime:0.000890s ]
INFO: [ view_parse ] --START--
NOTIC: [8] Undefined variable: youlin E:\Web\website\clang\APP\Runtime\Cache\Home\75d7aa427e9205c1dfe4b7363ddaf576.php 第 321 行.
NOTIC: [8] Undefined variable: youlin E:\Web\website\clang\APP\Runtime\Cache\Home\75d7aa427e9205c1dfe4b7363ddaf576.php 第 321 行.
NOTIC: [8] Undefined variable: youlin E:\Web\website\clang\APP\Runtime\Cache\Home\75d7aa427e9205c1dfe4b7363ddaf576.php 第 321 行.
NOTIC: [8] Undefined variable: youlin E:\Web\website\clang\APP\Runtime\Cache\Home\75d7aa427e9205c1dfe4b7363ddaf576.php 第 321 行.
NOTIC: [8] Undefined variable: youlin E:\Web\website\clang\APP\Runtime\Cache\Home\75d7aa427e9205c1dfe4b7363ddaf576.php 第 321 行.
NOTIC: [8] Undefined variable: youlin E:\Web\website\clang\APP\Runtime\Cache\Home\75d7aa427e9205c1dfe4b7363ddaf576.php 第 321 行.
INFO: ParseTemplate Behavior ::run [ RunTime:0.044570s ]
INFO: [ view_parse ] --END-- [ RunTime:0.044686s ]
INFO: [ view_filter ] --START--
INFO: ContentReplace Behavior ::run [ RunTime:0.000928s ]
INFO: TokenBuild Behavior ::run [ RunTime:0.000670s ]
INFO: WriteHtmlCache Behavior ::run [ RunTime:0.000487s ]
INFO: ShowRuntime Behavior ::run [ RunTime:0.000902s ]
INFO: [ view_filter ] --END-- [ RunTime:0.003212s ]
INFO: [ view_end ] --START--
INFO: ShowPageTrace Behavior ::run [ RunTime:0.002247s ]
INFO: [ view_end ] --END-- [ RunTime:0.002389s ]

[ 2013-12-15T09:43:28+08:00 ] 127.0.0.1 /clang/Home/Index/index.html
INFO: [ route_check ] --START--
INFO: CheckRoute Behavior ::run [ RunTime:0.001016s ]
INFO: [ route_check ] --END-- [ RunTime:0.001107s ]
INFO: [ app_begin ] --START--
INFO: ReadHtmlCache Behavior ::run [ RunTime:0.001033s ]
INFO: [ app_begin ] --END-- [ RunTime:0.001154s ]
NOTIC: [2048] Non-static method CommonAction::footer() should not be called statically, assuming $this from incompatible context E:\Web\website\clang\APP\Modules\Home\Action\IndexAction.class.php 第 7 行.
NOTIC: [2048] Non-static method CommonAction::copyRight() should not be called statically, assuming $this from incompatible context E:\Web\website\clang\APP\Modules\Home\Action\CommonAction.class.php 第 14 行.
SQL: SHOW COLUMNS FROM `clang_about` [ RunTime:0.003703s ]
SQL: SELECT * FROM `clang_about` WHERE ( `type` = '版权信息' ) ORDER BY id desc LIMIT 1   [ RunTime:0.000341s ]
NOTIC: [2048] Non-static method CommonAction::youlink() should not be called statically, assuming $this from incompatible context E:\Web\website\clang\APP\Modules\Home\Action\CommonAction.class.php 第 15 行.
SQL: SHOW COLUMNS FROM `clang_link` [ RunTime:0.003661s ]
SQL: SELECT * FROM `clang_link` ORDER BY rank asc LIMIT 0,6   [ RunTime:0.000355s ]
NOTIC: [2048] Non-static method CommonAction::jieshao() should not be called statically, assuming $this from incompatible context E:\Web\website\clang\APP\Modules\Home\Action\CommonAction.class.php 第 16 行.
SQL: SELECT `content` FROM `clang_about` WHERE ( `type` = '关于我们' ) ORDER BY id desc LIMIT 1   [ RunTime:0.000255s ]
SQL: SHOW COLUMNS FROM `clang_practice` [ RunTime:0.003555s ]
SQL: SELECT `id`,`title`,`time` FROM `clang_practice` WHERE ( `type` = '学生设计' ) ORDER BY id desc LIMIT 0,10   [ RunTime:0.000516s ]
SQL: SHOW COLUMNS FROM `clang_news` [ RunTime:0.003846s ]
SQL: SELECT `id`,`title`,`time` FROM `clang_news` ORDER BY id desc LIMIT 0,10   [ RunTime:0.000330s ]
SQL: SHOW COLUMNS FROM `clang_notice` [ RunTime:0.004117s ]
SQL: SELECT `content` FROM `clang_notice` WHERE ( `type` = '最新公告' ) ORDER BY id desc LIMIT 1   [ RunTime:0.000317s ]
SQL: SHOW COLUMNS FROM `clang_results` [ RunTime:0.004213s ]
SQL: SELECT * FROM `clang_results` ORDER BY id desc LIMIT 0,5   [ RunTime:0.000398s ]
SQL: SHOW COLUMNS FROM `clang_team` [ RunTime:0.003792s ]
SQL: SELECT * FROM `clang_team` WHERE ( `type` = '教师队伍' ) ORDER BY id desc LIMIT 0,5   [ RunTime:0.000395s ]
INFO: [ view_parse ] --START--
NOTIC: [8] Undefined index: site E:\Web\website\clang\APP\Runtime\Cache\Home\b71efac2c45dfbbb12a5b9b57341de1f.php 第 295 行.
NOTIC: [8] Undefined index: site E:\Web\website\clang\APP\Runtime\Cache\Home\b71efac2c45dfbbb12a5b9b57341de1f.php 第 295 行.
NOTIC: [8] Undefined index: site E:\Web\website\clang\APP\Runtime\Cache\Home\b71efac2c45dfbbb12a5b9b57341de1f.php 第 295 行.
NOTIC: [8] Undefined index: site E:\Web\website\clang\APP\Runtime\Cache\Home\b71efac2c45dfbbb12a5b9b57341de1f.php 第 295 行.
NOTIC: [8] Undefined index: site E:\Web\website\clang\APP\Runtime\Cache\Home\b71efac2c45dfbbb12a5b9b57341de1f.php 第 295 行.
NOTIC: [8] Undefined variable: youlin E:\Web\website\clang\APP\Runtime\Cache\Home\b71efac2c45dfbbb12a5b9b57341de1f.php 第 390 行.
NOTIC: [8] Undefined variable: youlin E:\Web\website\clang\APP\Runtime\Cache\Home\b71efac2c45dfbbb12a5b9b57341de1f.php 第 390 行.
NOTIC: [8] Undefined variable: youlin E:\Web\website\clang\APP\Runtime\Cache\Home\b71efac2c45dfbbb12a5b9b57341de1f.php 第 390 行.
NOTIC: [8] Undefined variable: youlin E:\Web\website\clang\APP\Runtime\Cache\Home\b71efac2c45dfbbb12a5b9b57341de1f.php 第 390 行.
NOTIC: [8] Undefined variable: youlin E:\Web\website\clang\APP\Runtime\Cache\Home\b71efac2c45dfbbb12a5b9b57341de1f.php 第 390 行.
NOTIC: [8] Undefined variable: youlin E:\Web\website\clang\APP\Runtime\Cache\Home\b71efac2c45dfbbb12a5b9b57341de1f.php 第 390 行.
INFO: ParseTemplate Behavior ::run [ RunTime:0.033086s ]
INFO: [ view_parse ] --END-- [ RunTime:0.033139s ]
INFO: [ view_filter ] --START--
INFO: ContentReplace Behavior ::run [ RunTime:0.000559s ]
INFO: TokenBuild Behavior ::run [ RunTime:0.000361s ]
INFO: WriteHtmlCache Behavior ::run [ RunTime:0.000254s ]
INFO: ShowRuntime Behavior ::run [ RunTime:0.000484s ]
INFO: [ view_filter ] --END-- [ RunTime:0.001774s ]
INFO: [ view_end ] --START--
INFO: ShowPageTrace Behavior ::run [ RunTime:0.000937s ]
INFO: [ view_end ] --END-- [ RunTime:0.001016s ]

[ 2013-12-15T09:44:19+08:00 ] 127.0.0.1 /clang/Home/Content/emdiff.html
INFO: [ route_check ] --START--
INFO: CheckRoute Behavior ::run [ RunTime:0.000991s ]
INFO: [ route_check ] --END-- [ RunTime:0.001068s ]
INFO: [ app_begin ] --START--
INFO: ReadHtmlCache Behavior ::run [ RunTime:0.000633s ]
INFO: [ app_begin ] --END-- [ RunTime:0.000690s ]
SQL: SHOW COLUMNS FROM `clang_about` [ RunTime:0.004830s ]
SQL: SELECT * FROM `clang_about` WHERE ( `type` = '版权信息' ) ORDER BY id desc LIMIT 1   [ RunTime:0.000441s ]
SQL: SHOW COLUMNS FROM `clang_link` [ RunTime:0.004996s ]
SQL: SELECT * FROM `clang_link` ORDER BY rank asc LIMIT 0,6   [ RunTime:0.000502s ]
SQL: SELECT `content` FROM `clang_about` WHERE ( `type` = '关于我们' ) ORDER BY id desc LIMIT 1   [ RunTime:0.000386s ]
SQL: SHOW COLUMNS FROM `clang_practice` [ RunTime:0.004341s ]
SQL: SELECT `id`,`title`,`time` FROM `clang_practice` WHERE ( `type` = '重点' ) ORDER BY id desc LIMIT 0,20   [ RunTime:0.000573s ]
SQL: SELECT `id`,`title`,`time` FROM `clang_practice` WHERE ( `type` = '难点' ) ORDER BY id desc LIMIT 0,20   [ RunTime:0.000469s ]
INFO: [ view_parse ] --START--
NOTIC: [8] Undefined variable: youlin E:\Web\website\clang\APP\Runtime\Cache\Home\277f08d6c81d24427b08747a056a97a3.php 第 319 行.
NOTIC: [8] Undefined variable: youlin E:\Web\website\clang\APP\Runtime\Cache\Home\277f08d6c81d24427b08747a056a97a3.php 第 319 行.
NOTIC: [8] Undefined variable: youlin E:\Web\website\clang\APP\Runtime\Cache\Home\277f08d6c81d24427b08747a056a97a3.php 第 319 行.
NOTIC: [8] Undefined variable: youlin E:\Web\website\clang\APP\Runtime\Cache\Home\277f08d6c81d24427b08747a056a97a3.php 第 319 行.
NOTIC: [8] Undefined variable: youlin E:\Web\website\clang\APP\Runtime\Cache\Home\277f08d6c81d24427b08747a056a97a3.php 第 319 行.
NOTIC: [8] Undefined variable: youlin E:\Web\website\clang\APP\Runtime\Cache\Home\277f08d6c81d24427b08747a056a97a3.php 第 319 行.
INFO: ParseTemplate Behavior ::run [ RunTime:0.035563s ]
INFO: [ view_parse ] --END-- [ RunTime:0.035625s ]
INFO: [ view_filter ] --START--
INFO: ContentReplace Behavior ::run [ RunTime:0.000630s ]
INFO: TokenBuild Behavior ::run [ RunTime:0.000541s ]
INFO: WriteHtmlCache Behavior ::run [ RunTime:0.000459s ]
INFO: ShowRuntime Behavior ::run [ RunTime:0.000573s ]
INFO: [ view_filter ] --END-- [ RunTime:0.002338s ]
INFO: [ view_end ] --START--
INFO: ShowPageTrace Behavior ::run [ RunTime:0.001017s ]
INFO: [ view_end ] --END-- [ RunTime:0.001088s ]

[ 2013-12-15T09:44:23+08:00 ] 127.0.0.1 /clang/Content/emContent/id/10
INFO: [ route_check ] --START--
INFO: CheckRoute Behavior ::run [ RunTime:0.000907s ]
INFO: [ route_check ] --END-- [ RunTime:0.000999s ]
INFO: [ app_begin ] --START--
INFO: ReadHtmlCache Behavior ::run [ RunTime:0.000560s ]
INFO: [ app_begin ] --END-- [ RunTime:0.000627s ]
SQL: SHOW COLUMNS FROM `clang_about` [ RunTime:0.003582s ]
SQL: SELECT * FROM `clang_about` WHERE ( `type` = '版权信息' ) ORDER BY id desc LIMIT 1   [ RunTime:0.000381s ]
SQL: SHOW COLUMNS FROM `clang_link` [ RunTime:0.003374s ]
SQL: SELECT * FROM `clang_link` ORDER BY rank asc LIMIT 0,6   [ RunTime:0.000440s ]
SQL: SELECT `content` FROM `clang_about` WHERE ( `type` = '关于我们' ) ORDER BY id desc LIMIT 1   [ RunTime:0.000367s ]
SQL: SHOW COLUMNS FROM `clang_practice` [ RunTime:0.003639s ]
NOTIC: [8] A session had already been started - ignoring session_start() E:\Web\website\clang\APP\Modules\Home\Action\CommonAction.class.php 第 98 行.
NOTIC: [8] Undefined index: emphasis-10 E:\Web\website\clang\APP\Modules\Home\Action\CommonAction.class.php 第 103 行.
SQL: SELECT `click` FROM `clang_practice` WHERE ( `type` = '重点' ) AND ( `id` = 10 ) LIMIT 1   [ RunTime:0.000359s ]
SQL: UPDATE `clang_practice` SET `click`=2 WHERE ( `type` = '重点' ) AND ( `id` = 10 ) [ RunTime:0.272548s ]
SQL: SELECT * FROM `clang_practice` WHERE ( `type` = '重点' ) AND ( `id` = 10 ) ORDER BY id desc  [ RunTime:0.001280s ]
SQL: SELECT * FROM `clang_practice` WHERE ( `id` > '10' ) ORDER BY id asc LIMIT 0,1   [ RunTime:0.054185s ]
SQL: SELECT * FROM `clang_practice` WHERE ( `id` < '10' ) ORDER BY id desc LIMIT 0,1   [ RunTime:0.001419s ]
SQL: SELECT * FROM `clang_practice` WHERE ( `type` = '重点' ) ORDER BY click desc LIMIT 0,16   [ RunTime:0.002653s ]
SQL: SELECT * FROM `clang_practice` WHERE ( `type` = '重点' ) AND ( `id` > '10' ) ORDER BY id asc LIMIT 0,1   [ RunTime:0.001228s ]
SQL: SELECT * FROM `clang_practice` WHERE ( `type` = '重点' ) AND ( `id` < '10' ) ORDER BY id desc LIMIT 0,1   [ RunTime:0.001239s ]
INFO: [ view_parse ] --START--
NOTIC: [8] Undefined variable: youlin E:\Web\website\clang\APP\Runtime\Cache\Home\00adf9405c790604d34b3aa48e51216f.php 第 321 行.
NOTIC: [8] Undefined variable: youlin E:\Web\website\clang\APP\Runtime\Cache\Home\00adf9405c790604d34b3aa48e51216f.php 第 321 行.
NOTIC: [8] Undefined variable: youlin E:\Web\website\clang\APP\Runtime\Cache\Home\00adf9405c790604d34b3aa48e51216f.php 第 321 行.
NOTIC: [8] Undefined variable: youlin E:\Web\website\clang\APP\Runtime\Cache\Home\00adf9405c790604d34b3aa48e51216f.php 第 321 行.
NOTIC: [8] Undefined variable: youlin E:\Web\website\clang\APP\Runtime\Cache\Home\00adf9405c790604d34b3aa48e51216f.php 第 321 行.
NOTIC: [8] Undefined variable: youlin E:\Web\website\clang\APP\Runtime\Cache\Home\00adf9405c790604d34b3aa48e51216f.php 第 321 行.
INFO: ParseTemplate Behavior ::run [ RunTime:0.100600s ]
INFO: [ view_parse ] --END-- [ RunTime:0.100811s ]
INFO: [ view_filter ] --START--
INFO: ContentReplace Behavior ::run [ RunTime:0.001620s ]
INFO: TokenBuild Behavior ::run [ RunTime:0.001512s ]
INFO: WriteHtmlCache Behavior ::run [ RunTime:0.000937s ]
INFO: ShowRuntime Behavior ::run [ RunTime:0.000907s ]
INFO: [ view_filter ] --END-- [ RunTime:0.005352s ]
INFO: [ view_end ] --START--
INFO: ShowPageTrace Behavior ::run [ RunTime:0.001996s ]
INFO: [ view_end ] --END-- [ RunTime:0.002136s ]

[ 2013-12-15T09:44:30+08:00 ] 127.0.0.1 /clang/Home/Team/teachers.html
INFO: [ route_check ] --START--
INFO: CheckRoute Behavior ::run [ RunTime:0.000784s ]
INFO: [ route_check ] --END-- [ RunTime:0.000868s ]
INFO: [ app_begin ] --START--
INFO: ReadHtmlCache Behavior ::run [ RunTime:0.000665s ]
INFO: [ app_begin ] --END-- [ RunTime:0.000751s ]
NOTIC: [2048] Non-static method CommonAction::footer() should not be called statically, assuming $this from incompatible context E:\Web\website\clang\APP\Modules\Home\Action\TeamAction.class.php 第 16 行.
NOTIC: [2048] Non-static method CommonAction::copyRight() should not be called statically, assuming $this from incompatible context E:\Web\website\clang\APP\Modules\Home\Action\CommonAction.class.php 第 14 行.
SQL: SHOW COLUMNS FROM `clang_about` [ RunTime:0.004106s ]
SQL: SELECT * FROM `clang_about` WHERE ( `type` = '版权信息' ) ORDER BY id desc LIMIT 1   [ RunTime:0.000491s ]
NOTIC: [2048] Non-static method CommonAction::youlink() should not be called statically, assuming $this from incompatible context E:\Web\website\clang\APP\Modules\Home\Action\CommonAction.class.php 第 15 行.
SQL: SHOW COLUMNS FROM `clang_link` [ RunTime:0.004089s ]
SQL: SELECT * FROM `clang_link` ORDER BY rank asc LIMIT 0,6   [ RunTime:0.000477s ]
NOTIC: [2048] Non-static method CommonAction::jieshao() should not be called statically, assuming $this from incompatible context E:\Web\website\clang\APP\Modules\Home\Action\CommonAction.class.php 第 16 行.
SQL: SELECT `content` FROM `clang_about` WHERE ( `type` = '关于我们' ) ORDER BY id desc LIMIT 1   [ RunTime:0.000386s ]
NOTIC: [2048] Non-static method CommonAction::scan() should not be called statically, assuming $this from incompatible context E:\Web\website\clang\APP\Modules\Home\Action\TeamAction.class.php 第 19 行.
SQL: SHOW COLUMNS FROM `clang_team` [ RunTime:0.004194s ]
SQL: SELECT COUNT(*) AS tp_count FROM `clang_team` WHERE ( `type` = '教师队伍' ) LIMIT 1   [ RunTime:0.000427s ]
SQL: SELECT * FROM `clang_team` WHERE ( `type` = '教师队伍' ) ORDER BY id  desc LIMIT 0,8   [ RunTime:0.000453s ]
INFO: [ view_parse ] --START--
NOTIC: [8] Undefined variable: youlin E:\Web\website\clang\APP\Runtime\Cache\Home\9dc54790d78239a21b6425c9c81bab6b.php 第 276 行.
NOTIC: [8] Undefined variable: youlin E:\Web\website\clang\APP\Runtime\Cache\Home\9dc54790d78239a21b6425c9c81bab6b.php 第 276 行.
NOTIC: [8] Undefined variable: youlin E:\Web\website\clang\APP\Runtime\Cache\Home\9dc54790d78239a21b6425c9c81bab6b.php 第 276 行.
NOTIC: [8] Undefined variable: youlin E:\Web\website\clang\APP\Runtime\Cache\Home\9dc54790d78239a21b6425c9c81bab6b.php 第 276 行.
NOTIC: [8] Undefined variable: youlin E:\Web\website\clang\APP\Runtime\Cache\Home\9dc54790d78239a21b6425c9c81bab6b.php 第 276 行.
NOTIC: [8] Undefined variable: youlin E:\Web\website\clang\APP\Runtime\Cache\Home\9dc54790d78239a21b6425c9c81bab6b.php 第 276 行.
INFO: ParseTemplate Behavior ::run [ RunTime:0.068086s ]
INFO: [ view_parse ] --END-- [ RunTime:0.068150s ]
INFO: [ view_filter ] --START--
INFO: ContentReplace Behavior ::run [ RunTime:0.000502s ]
INFO: TokenBuild Behavior ::run [ RunTime:0.000407s ]
INFO: WriteHtmlCache Behavior ::run [ RunTime:0.000434s ]
INFO: ShowRuntime Behavior ::run [ RunTime:0.000518s ]
INFO: [ view_filter ] --END-- [ RunTime:0.001994s ]
INFO: [ view_end ] --START--
INFO: ShowPageTrace Behavior ::run [ RunTime:0.000912s ]
INFO: [ view_end ] --END-- [ RunTime:0.000980s ]

[ 2013-12-15T09:44:35+08:00 ] 127.0.0.1 /clang/Home/Team/projects.html
INFO: [ route_check ] --START--
INFO: CheckRoute Behavior ::run [ RunTime:0.000784s ]
INFO: [ route_check ] --END-- [ RunTime:0.000861s ]
INFO: [ app_begin ] --START--
INFO: ReadHtmlCache Behavior ::run [ RunTime:0.000547s ]
INFO: [ app_begin ] --END-- [ RunTime:0.000605s ]
NOTIC: [2048] Non-static method CommonAction::footer() should not be called statically, assuming $this from incompatible context E:\Web\website\clang\APP\Modules\Home\Action\TeamAction.class.php 第 43 行.
NOTIC: [2048] Non-static method CommonAction::copyRight() should not be called statically, assuming $this from incompatible context E:\Web\website\clang\APP\Modules\Home\Action\CommonAction.class.php 第 14 行.
SQL: SHOW COLUMNS FROM `clang_about` [ RunTime:0.012203s ]
SQL: SELECT * FROM `clang_about` WHERE ( `type` = '版权信息' ) ORDER BY id desc LIMIT 1   [ RunTime:0.001129s ]
NOTIC: [2048] Non-static method CommonAction::youlink() should not be called statically, assuming $this from incompatible context E:\Web\website\clang\APP\Modules\Home\Action\CommonAction.class.php 第 15 行.
SQL: SHOW COLUMNS FROM `clang_link` [ RunTime:0.011807s ]
SQL: SELECT * FROM `clang_link` ORDER BY rank asc LIMIT 0,6   [ RunTime:0.001117s ]
NOTIC: [2048] Non-static method CommonAction::jieshao() should not be called statically, assuming $this from incompatible context E:\Web\website\clang\APP\Modules\Home\Action\CommonAction.class.php 第 16 行.
SQL: SELECT `content` FROM `clang_about` WHERE ( `type` = '关于我们' ) ORDER BY id desc LIMIT 1   [ RunTime:0.001042s ]
NOTIC: [2048] Non-static method CommonAction::scan() should not be called statically, assuming $this from incompatible context E:\Web\website\clang\APP\Modules\Home\Action\TeamAction.class.php 第 46 行.
SQL: SHOW COLUMNS FROM `clang_team` [ RunTime:0.012096s ]
SQL: SELECT COUNT(*) AS tp_count FROM `clang_team` WHERE ( `type` = '科研项目' ) LIMIT 1   [ RunTime:0.001060s ]
SQL: SELECT * FROM `clang_team` WHERE ( `type` = '科研项目' ) ORDER BY id  desc LIMIT 0,5   [ RunTime:0.001463s ]
SQL: SELECT * FROM `clang_team` WHERE ( `type` = '科研项目' ) ORDER BY click desc LIMIT 0,20   [ RunTime:0.001409s ]
INFO: [ view_parse ] --START--
NOTIC: [8] Undefined variable: youlin E:\Web\website\clang\APP\Runtime\Cache\Home\829f55dcecb226ddab42e51a9f380bf2.php 第 295 行.
NOTIC: [8] Undefined variable: youlin E:\Web\website\clang\APP\Runtime\Cache\Home\829f55dcecb226ddab42e51a9f380bf2.php 第 295 行.
NOTIC: [8] Undefined variable: youlin E:\Web\website\clang\APP\Runtime\Cache\Home\829f55dcecb226ddab42e51a9f380bf2.php 第 295 行.
NOTIC: [8] Undefined variable: youlin E:\Web\website\clang\APP\Runtime\Cache\Home\829f55dcecb226ddab42e51a9f380bf2.php 第 295 行.
NOTIC: [8] Undefined variable: youlin E:\Web\website\clang\APP\Runtime\Cache\Home\829f55dcecb226ddab42e51a9f380bf2.php 第 295 行.
NOTIC: [8] Undefined variable: youlin E:\Web\website\clang\APP\Runtime\Cache\Home\829f55dcecb226ddab42e51a9f380bf2.php 第 295 行.
INFO: ParseTemplate Behavior ::run [ RunTime:0.094117s ]
INFO: [ view_parse ] --END-- [ RunTime:0.094289s ]
INFO: [ view_filter ] --START--
INFO: ContentReplace Behavior ::run [ RunTime:0.001511s ]
INFO: TokenBuild Behavior ::run [ RunTime:0.001141s ]
INFO: WriteHtmlCache Behavior ::run [ RunTime:0.001298s ]
INFO: ShowRuntime Behavior ::run [ RunTime:0.001479s ]
INFO: [ view_filter ] --END-- [ RunTime:0.005819s ]
INFO: [ view_end ] --START--
INFO: ShowPageTrace Behavior ::run [ RunTime:0.003738s ]
INFO: [ view_end ] --END-- [ RunTime:0.004013s ]

[ 2013-12-15T09:44:41+08:00 ] 127.0.0.1 /clang/Home/Team/thesis.html
INFO: [ route_check ] --START--
INFO: CheckRoute Behavior ::run [ RunTime:0.001056s ]
INFO: [ route_check ] --END-- [ RunTime:0.001157s ]
INFO: [ app_begin ] --START--
INFO: ReadHtmlCache Behavior ::run [ RunTime:0.000817s ]
INFO: [ app_begin ] --END-- [ RunTime:0.000912s ]
NOTIC: [2048] Non-static method CommonAction::footer() should not be called statically, assuming $this from incompatible context E:\Web\website\clang\APP\Modules\Home\Action\TeamAction.class.php 第 89 行.
NOTIC: [2048] Non-static method CommonAction::copyRight() should not be called statically, assuming $this from incompatible context E:\Web\website\clang\APP\Modules\Home\Action\CommonAction.class.php 第 14 行.
SQL: SHOW COLUMNS FROM `clang_about` [ RunTime:0.003956s ]
SQL: SELECT * FROM `clang_about` WHERE ( `type` = '版权信息' ) ORDER BY id desc LIMIT 1   [ RunTime:0.000406s ]
NOTIC: [2048] Non-static method CommonAction::youlink() should not be called statically, assuming $this from incompatible context E:\Web\website\clang\APP\Modules\Home\Action\CommonAction.class.php 第 15 行.
SQL: SHOW COLUMNS FROM `clang_link` [ RunTime:0.004503s ]
SQL: SELECT * FROM `clang_link` ORDER BY rank asc LIMIT 0,6   [ RunTime:0.000394s ]
NOTIC: [2048] Non-static method CommonAction::jieshao() should not be called statically, assuming $this from incompatible context E:\Web\website\clang\APP\Modules\Home\Action\CommonAction.class.php 第 16 行.
SQL: SELECT `content` FROM `clang_about` WHERE ( `type` = '关于我们' ) ORDER BY id desc LIMIT 1   [ RunTime:0.000299s ]
NOTIC: [2048] Non-static method CommonAction::scan() should not be called statically, assuming $this from incompatible context E:\Web\website\clang\APP\Modules\Home\Action\TeamAction.class.php 第 92 行.
SQL: SHOW COLUMNS FROM `clang_team` [ RunTime:0.004394s ]
SQL: SELECT COUNT(*) AS tp_count FROM `clang_team` WHERE ( `type` = '科研论文' ) LIMIT 1   [ RunTime:0.000415s ]
SQL: SELECT * FROM `clang_team` WHERE ( `type` = '科研论文' ) ORDER BY id  desc LIMIT 0,5   [ RunTime:0.000482s ]
SQL: SELECT * FROM `clang_team` WHERE ( `type` = '科研论文' ) ORDER BY click desc LIMIT 0,20   [ RunTime:0.000493s ]
INFO: [ view_parse ] --START--
NOTIC: [8] Undefined variable: youlin E:\Web\website\clang\APP\Runtime\Cache\Home\cbe110a5a9f9bd6d257758394c198416.php 第 295 行.
NOTIC: [8] Undefined variable: youlin E:\Web\website\clang\APP\Runtime\Cache\Home\cbe110a5a9f9bd6d257758394c198416.php 第 295 行.
NOTIC: [8] Undefined variable: youlin E:\Web\website\clang\APP\Runtime\Cache\Home\cbe110a5a9f9bd6d257758394c198416.php 第 295 行.
NOTIC: [8] Undefined variable: youlin E:\Web\website\clang\APP\Runtime\Cache\Home\cbe110a5a9f9bd6d257758394c198416.php 第 295 行.
NOTIC: [8] Undefined variable: youlin E:\Web\website\clang\APP\Runtime\Cache\Home\cbe110a5a9f9bd6d257758394c198416.php 第 295 行.
NOTIC: [8] Undefined variable: youlin E:\Web\website\clang\APP\Runtime\Cache\Home\cbe110a5a9f9bd6d257758394c198416.php 第 295 行.
INFO: ParseTemplate Behavior ::run [ RunTime:0.038015s ]
INFO: [ view_parse ] --END-- [ RunTime:0.038088s ]
INFO: [ view_filter ] --START--
INFO: ContentReplace Behavior ::run [ RunTime:0.000748s ]
INFO: TokenBuild Behavior ::run [ RunTime:0.000691s ]
INFO: WriteHtmlCache Behavior ::run [ RunTime:0.000740s ]
INFO: ShowRuntime Behavior ::run [ RunTime:0.000824s ]
INFO: [ view_filter ] --END-- [ RunTime:0.003216s ]
INFO: [ view_end ] --START--
INFO: ShowPageTrace Behavior ::run [ RunTime:0.001128s ]
INFO: [ view_end ] --END-- [ RunTime:0.001213s ]

[ 2013-12-15T09:45:06+08:00 ] 127.0.0.1 /clang/Home/Practice/design.html
INFO: [ route_check ] --START--
INFO: CheckRoute Behavior ::run [ RunTime:0.000868s ]
INFO: [ route_check ] --END-- [ RunTime:0.000950s ]
INFO: [ app_begin ] --START--
INFO: ReadHtmlCache Behavior ::run [ RunTime:0.000650s ]
INFO: [ app_begin ] --END-- [ RunTime:0.000729s ]
SQL: SHOW COLUMNS FROM `clang_about` [ RunTime:0.004269s ]
SQL: SELECT * FROM `clang_about` WHERE ( `type` = '版权信息' ) ORDER BY id desc LIMIT 1   [ RunTime:0.000450s ]
SQL: SHOW COLUMNS FROM `clang_link` [ RunTime:0.003854s ]
SQL: SELECT * FROM `clang_link` ORDER BY rank asc LIMIT 0,6   [ RunTime:0.000467s ]
SQL: SELECT `content` FROM `clang_about` WHERE ( `type` = '关于我们' ) ORDER BY id desc LIMIT 1   [ RunTime:0.000379s ]
SQL: SHOW COLUMNS FROM `clang_practice` [ RunTime:0.004440s ]
SQL: SELECT COUNT(*) AS tp_count FROM `clang_practice` WHERE ( `type` = '学生设计' ) LIMIT 1   [ RunTime:0.000467s ]
SQL: SELECT * FROM `clang_practice` WHERE ( `type` = '学生设计' ) ORDER BY id  desc LIMIT 0,5   [ RunTime:0.000442s ]
SQL: SELECT * FROM `clang_practice` WHERE ( `type` = '学生设计' ) ORDER BY click desc LIMIT 0,16   [ RunTime:0.000501s ]
INFO: [ view_parse ] --START--
NOTIC: [8] Undefined variable: youlin E:\Web\website\clang\APP\Runtime\Cache\Home\c2e06f1553bf0a077712cdef408d0d89.php 第 329 行.
NOTIC: [8] Undefined variable: youlin E:\Web\website\clang\APP\Runtime\Cache\Home\c2e06f1553bf0a077712cdef408d0d89.php 第 329 行.
NOTIC: [8] Undefined variable: youlin E:\Web\website\clang\APP\Runtime\Cache\Home\c2e06f1553bf0a077712cdef408d0d89.php 第 329 行.
NOTIC: [8] Undefined variable: youlin E:\Web\website\clang\APP\Runtime\Cache\Home\c2e06f1553bf0a077712cdef408d0d89.php 第 329 行.
NOTIC: [8] Undefined variable: youlin E:\Web\website\clang\APP\Runtime\Cache\Home\c2e06f1553bf0a077712cdef408d0d89.php 第 329 行.
NOTIC: [8] Undefined variable: youlin E:\Web\website\clang\APP\Runtime\Cache\Home\c2e06f1553bf0a077712cdef408d0d89.php 第 329 行.
INFO: ParseTemplate Behavior ::run [ RunTime:0.074529s ]
INFO: [ view_parse ] --END-- [ RunTime:0.074594s ]
INFO: [ view_filter ] --START--
INFO: ContentReplace Behavior ::run [ RunTime:0.000836s ]
INFO: TokenBuild Behavior ::run [ RunTime:0.000640s ]
INFO: WriteHtmlCache Behavior ::run [ RunTime:0.000853s ]
INFO: ShowRuntime Behavior ::run [ RunTime:0.000678s ]
INFO: [ view_filter ] --END-- [ RunTime:0.003221s ]
INFO: [ view_end ] --START--
INFO: ShowPageTrace Behavior ::run [ RunTime:0.001320s ]
INFO: [ view_end ] --END-- [ RunTime:0.001471s ]

[ 2013-12-15T09:45:13+08:00 ] 127.0.0.1 /clang/Practice/desContent/id/28
INFO: [ route_check ] --START--
INFO: CheckRoute Behavior ::run [ RunTime:0.000781s ]
INFO: [ route_check ] --END-- [ RunTime:0.000858s ]
INFO: [ app_begin ] --START--
INFO: ReadHtmlCache Behavior ::run [ RunTime:0.000549s ]
INFO: [ app_begin ] --END-- [ RunTime:0.000604s ]
SQL: SHOW COLUMNS FROM `clang_about` [ RunTime:0.004187s ]
SQL: SELECT * FROM `clang_about` WHERE ( `type` = '版权信息' ) ORDER BY id desc LIMIT 1   [ RunTime:0.000463s ]
SQL: SHOW COLUMNS FROM `clang_link` [ RunTime:0.004566s ]
SQL: SELECT * FROM `clang_link` ORDER BY rank asc LIMIT 0,6   [ RunTime:0.000486s ]
SQL: SELECT `content` FROM `clang_about` WHERE ( `type` = '关于我们' ) ORDER BY id desc LIMIT 1   [ RunTime:0.000387s ]
SQL: SHOW COLUMNS FROM `clang_practice` [ RunTime:0.004401s ]
NOTIC: [8] A session had already been started - ignoring session_start() E:\Web\website\clang\APP\Modules\Home\Action\CommonAction.class.php 第 98 行.
NOTIC: [8] Undefined index: design-28 E:\Web\website\clang\APP\Modules\Home\Action\CommonAction.class.php 第 103 行.
SQL: SELECT `click` FROM `clang_practice` WHERE ( `type` = '学生设计' ) AND ( `id` = 28 ) LIMIT 1   [ RunTime:0.000427s ]
SQL: UPDATE `clang_practice` SET `click`=2 WHERE ( `type` = '学生设计' ) AND ( `id` = 28 ) [ RunTime:0.036404s ]
SQL: SELECT * FROM `clang_practice` WHERE ( `type` = '学生设计' ) AND ( `id` = 28 ) ORDER BY id desc  [ RunTime:0.001099s ]
SQL: SELECT * FROM `clang_practice` WHERE ( `id` > '28' ) ORDER BY id asc LIMIT 0,1   [ RunTime:0.001066s ]
SQL: SELECT * FROM `clang_practice` WHERE ( `id` < '28' ) ORDER BY id desc LIMIT 0,1   [ RunTime:0.001088s ]
SQL: SELECT * FROM `clang_practice` WHERE ( `type` = '学生设计' ) ORDER BY click desc LIMIT 0,16   [ RunTime:0.001241s ]
SQL: SELECT * FROM `clang_practice` WHERE ( `type` = '学生设计' ) AND ( `id` > '28' ) ORDER BY id asc LIMIT 0,1   [ RunTime:0.001112s ]
SQL: SELECT * FROM `clang_practice` WHERE ( `type` = '学生设计' ) AND ( `id` < '28' ) ORDER BY id desc LIMIT 0,1   [ RunTime:0.001200s ]
INFO: [ view_parse ] --START--
NOTIC: [8] Undefined variable: youlin E:\Web\website\clang\APP\Runtime\Cache\Home\1a520b26990ab3837e4cce6ac9e95a60.php 第 368 行.
NOTIC: [8] Undefined variable: youlin E:\Web\website\clang\APP\Runtime\Cache\Home\1a520b26990ab3837e4cce6ac9e95a60.php 第 368 行.
NOTIC: [8] Undefined variable: youlin E:\Web\website\clang\APP\Runtime\Cache\Home\1a520b26990ab3837e4cce6ac9e95a60.php 第 368 行.
NOTIC: [8] Undefined variable: youlin E:\Web\website\clang\APP\Runtime\Cache\Home\1a520b26990ab3837e4cce6ac9e95a60.php 第 368 行.
NOTIC: [8] Undefined variable: youlin E:\Web\website\clang\APP\Runtime\Cache\Home\1a520b26990ab3837e4cce6ac9e95a60.php 第 368 行.
NOTIC: [8] Undefined variable: youlin E:\Web\website\clang\APP\Runtime\Cache\Home\1a520b26990ab3837e4cce6ac9e95a60.php 第 368 行.
INFO: ParseTemplate Behavior ::run [ RunTime:0.096965s ]
INFO: [ view_parse ] --END-- [ RunTime:0.097169s ]
INFO: [ view_filter ] --START--
INFO: ContentReplace Behavior ::run [ RunTime:0.006152s ]
INFO: TokenBuild Behavior ::run [ RunTime:0.001458s ]
INFO: WriteHtmlCache Behavior ::run [ RunTime:0.001374s ]
INFO: ShowRuntime Behavior ::run [ RunTime:0.001797s ]
INFO: [ view_filter ] --END-- [ RunTime:0.011351s ]
INFO: [ view_end ] --START--
INFO: ShowPageTrace Behavior ::run [ RunTime:0.002507s ]
INFO: [ view_end ] --END-- [ RunTime:0.002684s ]

