[ 2013-12-13T10:15:47+08:00 ] 127.0.0.1 /clang/
INFO: [ app_begin ] --START--
INFO: ReadHtmlCache Behavior ::run [ RunTime:0.025912s ]
INFO: [ app_begin ] --END-- [ RunTime:0.128737s ]
NOTIC: [2048] Non-static method CommonAction::footer() should not be called statically, assuming $this from incompatible context E:\Web\website\clang\APP\Modules\Home\Action\IndexAction.class.php 第 7 行.
NOTIC: [2048] Non-static method CommonAction::copyRight() should not be called statically, assuming $this from incompatible context E:\Web\website\clang\APP\Modules\Home\Action\CommonAction.class.php 第 14 行.
SQL: SHOW COLUMNS FROM `clang_about` [ RunTime:0.087673s ]
SQL: SELECT * FROM `clang_about` WHERE ( `type` = '版权信息' ) ORDER BY id desc LIMIT 1   [ RunTime:0.001646s ]
NOTIC: [2048] Non-static method CommonAction::youlink() should not be called statically, assuming $this from incompatible context E:\Web\website\clang\APP\Modules\Home\Action\CommonAction.class.php 第 15 行.
SQL: SHOW COLUMNS FROM `clang_link` [ RunTime:0.111245s ]
SQL: SELECT * FROM `clang_link` ORDER BY rank asc LIMIT 0,6   [ RunTime:0.001265s ]
NOTIC: [2048] Non-static method CommonAction::jieshao() should not be called statically, assuming $this from incompatible context E:\Web\website\clang\APP\Modules\Home\Action\CommonAction.class.php 第 16 行.
SQL: SELECT `content` FROM `clang_about` WHERE ( `type` = '关于我们' ) ORDER BY id desc LIMIT 1   [ RunTime:0.000866s ]
SQL: SHOW COLUMNS FROM `clang_practice` [ RunTime:0.179169s ]
SQL: SELECT `id`,`title`,`time` FROM `clang_practice` WHERE ( `type` = '学生设计' ) ORDER BY id desc LIMIT 0,10   [ RunTime:0.001130s ]
SQL: SHOW COLUMNS FROM `clang_news` [ RunTime:0.062310s ]
SQL: SELECT `id`,`title`,`time` FROM `clang_news` ORDER BY id desc LIMIT 0,10   [ RunTime:0.001188s ]
SQL: SHOW COLUMNS FROM `clang_notice` [ RunTime:0.071728s ]
SQL: SELECT `content` FROM `clang_notice` WHERE ( `type` = '最新公告' ) ORDER BY id desc LIMIT 1   [ RunTime:0.001759s ]
SQL: SHOW COLUMNS FROM `clang_results` [ RunTime:0.027401s ]
SQL: SELECT * FROM `clang_results` ORDER BY id desc LIMIT 0,5   [ RunTime:0.000637s ]
SQL: SHOW COLUMNS FROM `clang_team` [ RunTime:0.019478s ]
SQL: SELECT * FROM `clang_team` WHERE ( `type` = '教师队伍' ) ORDER BY id desc LIMIT 0,5   [ RunTime:0.000745s ]
INFO: [ view_parse ] --START--
NOTIC: [8] Undefined index: site E:\Web\website\clang\APP\Runtime\Cache\Home\b71efac2c45dfbbb12a5b9b57341de1f.php 第 295 行.
NOTIC: [8] Undefined index: site E:\Web\website\clang\APP\Runtime\Cache\Home\b71efac2c45dfbbb12a5b9b57341de1f.php 第 295 行.
NOTIC: [8] Undefined index: site E:\Web\website\clang\APP\Runtime\Cache\Home\b71efac2c45dfbbb12a5b9b57341de1f.php 第 295 行.
NOTIC: [8] Undefined index: site E:\Web\website\clang\APP\Runtime\Cache\Home\b71efac2c45dfbbb12a5b9b57341de1f.php 第 295 行.
NOTIC: [8] Undefined index: site E:\Web\website\clang\APP\Runtime\Cache\Home\b71efac2c45dfbbb12a5b9b57341de1f.php 第 295 行.
NOTIC: [8] Undefined variable: youlin E:\Web\website\clang\APP\Runtime\Cache\Home\b71efac2c45dfbbb12a5b9b57341de1f.php 第 390 行.
NOTIC: [8] Undefined variable: youlin E:\Web\website\clang\APP\Runtime\Cache\Home\b71efac2c45dfbbb12a5b9b57341de1f.php 第 390 行.
NOTIC: [8] Undefined variable: youlin E:\Web\website\clang\APP\Runtime\Cache\Home\b71efac2c45dfbbb12a5b9b57341de1f.php 第 390 行.
NOTIC: [8] Undefined variable: youlin E:\Web\website\clang\APP\Runtime\Cache\Home\b71efac2c45dfbbb12a5b9b57341de1f.php 第 390 行.
NOTIC: [8] Undefined variable: youlin E:\Web\website\clang\APP\Runtime\Cache\Home\b71efac2c45dfbbb12a5b9b57341de1f.php 第 390 行.
NOTIC: [8] Undefined variable: youlin E:\Web\website\clang\APP\Runtime\Cache\Home\b71efac2c45dfbbb12a5b9b57341de1f.php 第 390 行.
INFO: ParseTemplate Behavior ::run [ RunTime:0.551101s ]
INFO: [ view_parse ] --END-- [ RunTime:0.551246s ]
INFO: [ view_filter ] --START--
INFO: ContentReplace Behavior ::run [ RunTime:0.018587s ]
INFO: TokenBuild Behavior ::run [ RunTime:0.012397s ]
INFO: WriteHtmlCache Behavior ::run [ RunTime:0.001356s ]
INFO: ShowRuntime Behavior ::run [ RunTime:0.012149s ]
INFO: [ view_filter ] --END-- [ RunTime:0.044915s ]
INFO: [ view_end ] --START--
INFO: ShowPageTrace Behavior ::run [ RunTime:0.011762s ]
INFO: [ view_end ] --END-- [ RunTime:0.011984s ]

[ 2013-12-13T10:17:50+08:00 ] 127.0.0.1 /clang/
INFO: [ app_begin ] --START--
INFO: ReadHtmlCache Behavior ::run [ RunTime:0.001013s ]
INFO: [ app_begin ] --END-- [ RunTime:0.001115s ]
NOTIC: [2048] Non-static method CommonAction::footer() should not be called statically, assuming $this from incompatible context E:\Web\website\clang\APP\Modules\Home\Action\IndexAction.class.php 第 7 行.
NOTIC: [2048] Non-static method CommonAction::copyRight() should not be called statically, assuming $this from incompatible context E:\Web\website\clang\APP\Modules\Home\Action\CommonAction.class.php 第 14 行.
SQL: SHOW COLUMNS FROM `clang_about` [ RunTime:0.003820s ]
SQL: SELECT * FROM `clang_about` WHERE ( `type` = '版权信息' ) ORDER BY id desc LIMIT 1   [ RunTime:0.000444s ]
NOTIC: [2048] Non-static method CommonAction::youlink() should not be called statically, assuming $this from incompatible context E:\Web\website\clang\APP\Modules\Home\Action\CommonAction.class.php 第 15 行.
SQL: SHOW COLUMNS FROM `clang_link` [ RunTime:0.003192s ]
SQL: SELECT * FROM `clang_link` ORDER BY rank asc LIMIT 0,6   [ RunTime:0.000396s ]
NOTIC: [2048] Non-static method CommonAction::jieshao() should not be called statically, assuming $this from incompatible context E:\Web\website\clang\APP\Modules\Home\Action\CommonAction.class.php 第 16 行.
SQL: SELECT `content` FROM `clang_about` WHERE ( `type` = '关于我们' ) ORDER BY id desc LIMIT 1   [ RunTime:0.000267s ]
SQL: SHOW COLUMNS FROM `clang_practice` [ RunTime:0.003013s ]
SQL: SELECT `id`,`title`,`time` FROM `clang_practice` WHERE ( `type` = '学生设计' ) ORDER BY id desc LIMIT 0,10   [ RunTime:0.000543s ]
SQL: SHOW COLUMNS FROM `clang_news` [ RunTime:0.004102s ]
SQL: SELECT `id`,`title`,`time` FROM `clang_news` ORDER BY id desc LIMIT 0,10   [ RunTime:0.000391s ]
SQL: SHOW COLUMNS FROM `clang_notice` [ RunTime:0.003430s ]
SQL: SELECT `content` FROM `clang_notice` WHERE ( `type` = '最新公告' ) ORDER BY id desc LIMIT 1   [ RunTime:0.000331s ]
SQL: SHOW COLUMNS FROM `clang_results` [ RunTime:0.003039s ]
SQL: SELECT * FROM `clang_results` ORDER BY id desc LIMIT 0,5   [ RunTime:0.000408s ]
SQL: SHOW COLUMNS FROM `clang_team` [ RunTime:0.003508s ]
SQL: SELECT * FROM `clang_team` WHERE ( `type` = '教师队伍' ) ORDER BY id desc LIMIT 0,5   [ RunTime:0.000526s ]
INFO: [ view_parse ] --START--
NOTIC: [8] Undefined index: site E:\Web\website\clang\APP\Runtime\Cache\Home\b71efac2c45dfbbb12a5b9b57341de1f.php 第 295 行.
NOTIC: [8] Undefined index: site E:\Web\website\clang\APP\Runtime\Cache\Home\b71efac2c45dfbbb12a5b9b57341de1f.php 第 295 行.
NOTIC: [8] Undefined index: site E:\Web\website\clang\APP\Runtime\Cache\Home\b71efac2c45dfbbb12a5b9b57341de1f.php 第 295 行.
NOTIC: [8] Undefined index: site E:\Web\website\clang\APP\Runtime\Cache\Home\b71efac2c45dfbbb12a5b9b57341de1f.php 第 295 行.
NOTIC: [8] Undefined index: site E:\Web\website\clang\APP\Runtime\Cache\Home\b71efac2c45dfbbb12a5b9b57341de1f.php 第 295 行.
NOTIC: [8] Undefined variable: youlin E:\Web\website\clang\APP\Runtime\Cache\Home\b71efac2c45dfbbb12a5b9b57341de1f.php 第 390 行.
NOTIC: [8] Undefined variable: youlin E:\Web\website\clang\APP\Runtime\Cache\Home\b71efac2c45dfbbb12a5b9b57341de1f.php 第 390 行.
NOTIC: [8] Undefined variable: youlin E:\Web\website\clang\APP\Runtime\Cache\Home\b71efac2c45dfbbb12a5b9b57341de1f.php 第 390 行.
NOTIC: [8] Undefined variable: youlin E:\Web\website\clang\APP\Runtime\Cache\Home\b71efac2c45dfbbb12a5b9b57341de1f.php 第 390 行.
NOTIC: [8] Undefined variable: youlin E:\Web\website\clang\APP\Runtime\Cache\Home\b71efac2c45dfbbb12a5b9b57341de1f.php 第 390 行.
NOTIC: [8] Undefined variable: youlin E:\Web\website\clang\APP\Runtime\Cache\Home\b71efac2c45dfbbb12a5b9b57341de1f.php 第 390 行.
INFO: ParseTemplate Behavior ::run [ RunTime:0.022032s ]
INFO: [ view_parse ] --END-- [ RunTime:0.022100s ]
INFO: [ view_filter ] --START--
INFO: ContentReplace Behavior ::run [ RunTime:0.000627s ]
INFO: TokenBuild Behavior ::run [ RunTime:0.000424s ]
INFO: WriteHtmlCache Behavior ::run [ RunTime:0.000363s ]
INFO: ShowRuntime Behavior ::run [ RunTime:0.000529s ]
INFO: [ view_filter ] --END-- [ RunTime:0.002072s ]
INFO: [ view_end ] --START--
INFO: ShowPageTrace Behavior ::run [ RunTime:0.000786s ]
INFO: [ view_end ] --END-- [ RunTime:0.000859s ]

[ 2013-12-13T10:18:07+08:00 ] 127.0.0.1 /clang/Home/About/relation.html
INFO: [ route_check ] --START--
INFO: CheckRoute Behavior ::run [ RunTime:0.017681s ]
INFO: [ route_check ] --END-- [ RunTime:0.017781s ]
INFO: [ app_begin ] --START--
INFO: ReadHtmlCache Behavior ::run [ RunTime:0.000488s ]
INFO: [ app_begin ] --END-- [ RunTime:0.000537s ]
SQL: SHOW COLUMNS FROM `clang_about` [ RunTime:0.003146s ]
SQL: SELECT * FROM `clang_about` WHERE ( `type` = '版权信息' ) ORDER BY id desc LIMIT 1   [ RunTime:0.000342s ]
SQL: SHOW COLUMNS FROM `clang_link` [ RunTime:0.004134s ]
SQL: SELECT * FROM `clang_link` ORDER BY rank asc LIMIT 0,6   [ RunTime:0.000428s ]
SQL: SELECT `content` FROM `clang_about` WHERE ( `type` = '关于我们' ) ORDER BY id desc LIMIT 1   [ RunTime:0.000361s ]
SQL: SELECT * FROM `clang_about` WHERE ( `type` = '联系我们' ) ORDER BY id desc LIMIT 1   [ RunTime:0.000400s ]
INFO: [ view_parse ] --START--
NOTIC: [8] Undefined variable: youlin E:\Web\website\clang\APP\Runtime\Cache\Home\2930ed3b5886dca3fbb6e7a33d27b943.php 第 269 行.
NOTIC: [8] Undefined variable: youlin E:\Web\website\clang\APP\Runtime\Cache\Home\2930ed3b5886dca3fbb6e7a33d27b943.php 第 269 行.
NOTIC: [8] Undefined variable: youlin E:\Web\website\clang\APP\Runtime\Cache\Home\2930ed3b5886dca3fbb6e7a33d27b943.php 第 269 行.
NOTIC: [8] Undefined variable: youlin E:\Web\website\clang\APP\Runtime\Cache\Home\2930ed3b5886dca3fbb6e7a33d27b943.php 第 269 行.
NOTIC: [8] Undefined variable: youlin E:\Web\website\clang\APP\Runtime\Cache\Home\2930ed3b5886dca3fbb6e7a33d27b943.php 第 269 行.
NOTIC: [8] Undefined variable: youlin E:\Web\website\clang\APP\Runtime\Cache\Home\2930ed3b5886dca3fbb6e7a33d27b943.php 第 269 行.
INFO: ParseTemplate Behavior ::run [ RunTime:0.063849s ]
INFO: [ view_parse ] --END-- [ RunTime:0.063915s ]
INFO: [ view_filter ] --START--
INFO: ContentReplace Behavior ::run [ RunTime:0.000698s ]
INFO: TokenBuild Behavior ::run [ RunTime:0.000411s ]
INFO: WriteHtmlCache Behavior ::run [ RunTime:0.000248s ]
INFO: ShowRuntime Behavior ::run [ RunTime:0.000419s ]
INFO: [ view_filter ] --END-- [ RunTime:0.001929s ]
INFO: [ view_end ] --START--
INFO: ShowPageTrace Behavior ::run [ RunTime:0.001041s ]
INFO: [ view_end ] --END-- [ RunTime:0.001122s ]

[ 2013-12-13T10:18:19+08:00 ] 127.0.0.1 /clang/Admin/Index/index
INFO: [ route_check ] --START--
INFO: CheckRoute Behavior ::run [ RunTime:0.001033s ]
INFO: [ route_check ] --END-- [ RunTime:0.001129s ]
INFO: [ app_begin ] --START--
INFO: ReadHtmlCache Behavior ::run [ RunTime:0.000802s ]
INFO: [ app_begin ] --END-- [ RunTime:0.000896s ]
NOTIC: [8] Undefined index: name E:\Web\website\clang\APP\Modules\Admin\Action\CommonAction.class.php 第 31 行.
INFO: [ view_parse ] --START--
INFO: ParseTemplate Behavior ::run [ RunTime:0.073518s ]
INFO: [ view_parse ] --END-- [ RunTime:0.073726s ]
INFO: [ view_filter ] --START--
INFO: ContentReplace Behavior ::run [ RunTime:0.001234s ]
INFO: TokenBuild Behavior ::run [ RunTime:0.001137s ]
INFO: WriteHtmlCache Behavior ::run [ RunTime:0.000867s ]
INFO: ShowRuntime Behavior ::run [ RunTime:0.001371s ]
INFO: [ view_filter ] --END-- [ RunTime:0.005058s ]
INFO: [ view_end ] --START--
INFO: ShowPageTrace Behavior ::run [ RunTime:0.001713s ]
INFO: [ view_end ] --END-- [ RunTime:0.001849s ]

[ 2013-12-13T10:18:22+08:00 ] 127.0.0.1 /clang/Admin/Login/login
INFO: [ route_check ] --START--
INFO: CheckRoute Behavior ::run [ RunTime:0.002695s ]
INFO: [ route_check ] --END-- [ RunTime:0.002917s ]
INFO: [ app_begin ] --START--
INFO: ReadHtmlCache Behavior ::run [ RunTime:0.001984s ]
INFO: [ app_begin ] --END-- [ RunTime:0.002182s ]
NOTIC: [8] Undefined index: name E:\Web\website\clang\APP\Modules\Admin\Action\LoginAction.class.php 第 27 行.
INFO: [ view_parse ] --START--
INFO: ParseTemplate Behavior ::run [ RunTime:0.174462s ]
INFO: [ view_parse ] --END-- [ RunTime:0.174645s ]
INFO: [ view_filter ] --START--
INFO: ContentReplace Behavior ::run [ RunTime:0.001178s ]
INFO: TokenBuild Behavior ::run [ RunTime:0.001130s ]
INFO: WriteHtmlCache Behavior ::run [ RunTime:0.000863s ]
INFO: ShowRuntime Behavior ::run [ RunTime:0.001416s ]
INFO: [ view_filter ] --END-- [ RunTime:0.004973s ]
INFO: [ view_end ] --START--
INFO: ShowPageTrace Behavior ::run [ RunTime:0.001776s ]
INFO: [ view_end ] --END-- [ RunTime:0.001998s ]

[ 2013-12-13T10:18:28+08:00 ] 127.0.0.1 /clang/Admin/Login/loginCheck.html
INFO: [ route_check ] --START--
INFO: CheckRoute Behavior ::run [ RunTime:0.002181s ]
INFO: [ route_check ] --END-- [ RunTime:0.002373s ]
INFO: [ app_begin ] --START--
INFO: ReadHtmlCache Behavior ::run [ RunTime:0.000882s ]
INFO: [ app_begin ] --END-- [ RunTime:0.000977s ]
NOTIC: [8] Undefined variable: pwd E:\Web\website\clang\APP\Modules\Admin\Action\LoginAction.class.php 第 52 行.
SQL: SHOW COLUMNS FROM `clang_admin` [ RunTime:0.075089s ]
NOTIC: [8] Undefined index: pwd E:\Web\website\clang\APP\Modules\Admin\Action\LoginAction.class.php 第 63 行.
SQL: SELECT * FROM `clang_admin` WHERE ( `name` = 'hong' )  [ RunTime:0.000916s ]
NOTIC: [8] Undefined variable: set E:\Web\website\clang\ThinkPHP\Lib\Core\Db.class.php 第 293 行.
NOTIC: [2] implode(): Invalid arguments passed E:\Web\website\clang\ThinkPHP\Lib\Core\Db.class.php 第 293 行.
SQL: UPDATE `clang_admin` SET  WHERE ( name='hong' ) [ RunTime:0.000545s ]
ERR: 1064:You have an error in your SQL syntax; check the manual that corresponds to your MySQL server version for the right syntax to use near 'WHERE ( name='hong' )' at line 1
 [ SQL语句 ] : UPDATE `clang_admin` SET  WHERE ( name='hong' )
INFO: [ view_parse ] --START--
INFO: ParseTemplate Behavior ::run [ RunTime:0.019280s ]
INFO: [ view_parse ] --END-- [ RunTime:0.019407s ]
INFO: [ view_filter ] --START--
INFO: ContentReplace Behavior ::run [ RunTime:0.000551s ]
INFO: TokenBuild Behavior ::run [ RunTime:0.000545s ]
INFO: WriteHtmlCache Behavior ::run [ RunTime:0.000404s ]
INFO: ShowRuntime Behavior ::run [ RunTime:0.000646s ]
INFO: [ view_filter ] --END-- [ RunTime:0.002340s ]
INFO: [ view_end ] --START--
INFO: ShowPageTrace Behavior ::run [ RunTime:0.000849s ]
INFO: [ view_end ] --END-- [ RunTime:0.000917s ]

[ 2013-12-13T10:18:30+08:00 ] 127.0.0.1 /clang/Admin/Index/index
INFO: [ route_check ] --START--
INFO: CheckRoute Behavior ::run [ RunTime:0.001159s ]
INFO: [ route_check ] --END-- [ RunTime:0.001261s ]
INFO: [ app_begin ] --START--
INFO: ReadHtmlCache Behavior ::run [ RunTime:0.000941s ]
INFO: [ app_begin ] --END-- [ RunTime:0.001035s ]
INFO: [ view_parse ] --START--
INFO: ParseTemplate Behavior ::run [ RunTime:0.041612s ]
INFO: [ view_parse ] --END-- [ RunTime:0.041737s ]
INFO: [ view_filter ] --START--
INFO: ContentReplace Behavior ::run [ RunTime:0.000625s ]
INFO: TokenBuild Behavior ::run [ RunTime:0.000572s ]
INFO: WriteHtmlCache Behavior ::run [ RunTime:0.000420s ]
INFO: ShowRuntime Behavior ::run [ RunTime:0.000648s ]
INFO: [ view_filter ] --END-- [ RunTime:0.002476s ]
INFO: [ view_end ] --START--
INFO: ShowPageTrace Behavior ::run [ RunTime:0.000872s ]
INFO: [ view_end ] --END-- [ RunTime:0.000952s ]

[ 2013-12-13T10:18:30+08:00 ] 127.0.0.1 /clang/Admin/Index/left.html
INFO: [ route_check ] --START--
INFO: CheckRoute Behavior ::run [ RunTime:0.001449s ]
INFO: [ route_check ] --END-- [ RunTime:0.001593s ]
INFO: [ app_begin ] --START--
INFO: ReadHtmlCache Behavior ::run [ RunTime:0.000982s ]
INFO: [ app_begin ] --END-- [ RunTime:0.001091s ]
INFO: [ view_parse ] --START--
INFO: ParseTemplate Behavior ::run [ RunTime:0.050778s ]
INFO: [ view_parse ] --END-- [ RunTime:0.050901s ]
INFO: [ view_filter ] --START--
INFO: ContentReplace Behavior ::run [ RunTime:0.000495s ]
INFO: TokenBuild Behavior ::run [ RunTime:0.000397s ]
INFO: WriteHtmlCache Behavior ::run [ RunTime:0.000300s ]
INFO: ShowRuntime Behavior ::run [ RunTime:0.000454s ]
INFO: [ view_filter ] --END-- [ RunTime:0.001784s ]
INFO: [ view_end ] --START--
INFO: ShowPageTrace Behavior ::run [ RunTime:0.000595s ]
INFO: [ view_end ] --END-- [ RunTime:0.000644s ]

[ 2013-12-13T10:18:30+08:00 ] 127.0.0.1 /clang/Admin/Index/right.html
INFO: [ route_check ] --START--
INFO: CheckRoute Behavior ::run [ RunTime:0.000972s ]
INFO: [ route_check ] --END-- [ RunTime:0.001106s ]
INFO: [ app_begin ] --START--
INFO: ReadHtmlCache Behavior ::run [ RunTime:0.000671s ]
INFO: [ app_begin ] --END-- [ RunTime:0.000743s ]
INFO: [ view_parse ] --START--
INFO: ParseTemplate Behavior ::run [ RunTime:0.006420s ]
INFO: [ view_parse ] --END-- [ RunTime:0.006491s ]
INFO: [ view_filter ] --START--
INFO: ContentReplace Behavior ::run [ RunTime:0.000352s ]
INFO: TokenBuild Behavior ::run [ RunTime:0.000335s ]
INFO: WriteHtmlCache Behavior ::run [ RunTime:0.000252s ]
INFO: ShowRuntime Behavior ::run [ RunTime:0.000396s ]
INFO: [ view_filter ] --END-- [ RunTime:0.001461s ]
INFO: [ view_end ] --START--
INFO: ShowPageTrace Behavior ::run [ RunTime:0.000661s ]
INFO: [ view_end ] --END-- [ RunTime:0.000709s ]

[ 2013-12-13T10:18:37+08:00 ] 127.0.0.1 /clang/Admin/Relation/browse
INFO: [ route_check ] --START--
INFO: CheckRoute Behavior ::run [ RunTime:0.000758s ]
INFO: [ route_check ] --END-- [ RunTime:0.000826s ]
INFO: [ app_begin ] --START--
INFO: ReadHtmlCache Behavior ::run [ RunTime:0.000529s ]
INFO: [ app_begin ] --END-- [ RunTime:0.000582s ]
NOTIC: [2048] Declaration of RelationAction::edit() should be compatible with CommonAction::edit($tbName) E:\Web\website\clang\APP\Modules\Admin\Action\RelationAction.class.php 第 7 行.
NOTIC: [2048] Non-static method PracticeAction::scan() should not be called statically, assuming $this from incompatible context E:\Web\website\clang\APP\Modules\Admin\Action\RelationAction.class.php 第 36 行.
SQL: SHOW COLUMNS FROM `clang_about` [ RunTime:0.012388s ]
SQL: SELECT COUNT(*) AS tp_count FROM `clang_about` WHERE ( `type` = '联系我们' ) LIMIT 1   [ RunTime:0.002175s ]
SQL: SELECT * FROM `clang_about` WHERE ( `type` = '联系我们' ) ORDER BY id  desc LIMIT 0,10   [ RunTime:0.001266s ]
INFO: [ view_parse ] --START--
NOTIC: [8] Undefined index: author E:\Web\website\clang\APP\Runtime\Cache\Admin\6700388c595493648d6757a2c62723cc.php 第 31 行.
NOTIC: [8] Undefined variable: page E:\Web\website\clang\APP\Runtime\Cache\Admin\6700388c595493648d6757a2c62723cc.php 第 45 行.
INFO: ParseTemplate Behavior ::run [ RunTime:0.037082s ]
INFO: [ view_parse ] --END-- [ RunTime:0.037215s ]
INFO: [ view_filter ] --START--
INFO: ContentReplace Behavior ::run [ RunTime:0.000721s ]
INFO: TokenBuild Behavior ::run [ RunTime:0.000639s ]
INFO: WriteHtmlCache Behavior ::run [ RunTime:0.000486s ]
INFO: ShowRuntime Behavior ::run [ RunTime:0.000735s ]
INFO: [ view_filter ] --END-- [ RunTime:0.002810s ]
INFO: [ view_end ] --START--
INFO: ShowPageTrace Behavior ::run [ RunTime:0.000982s ]
INFO: [ view_end ] --END-- [ RunTime:0.001059s ]

[ 2013-12-13T10:18:39+08:00 ] 127.0.0.1 /clang/Admin/Relation/edit/edid/2
INFO: [ route_check ] --START--
INFO: CheckRoute Behavior ::run [ RunTime:0.000754s ]
INFO: [ route_check ] --END-- [ RunTime:0.000825s ]
INFO: [ app_begin ] --START--
INFO: ReadHtmlCache Behavior ::run [ RunTime:0.000657s ]
INFO: [ app_begin ] --END-- [ RunTime:0.000726s ]
NOTIC: [2048] Declaration of RelationAction::edit() should be compatible with CommonAction::edit($tbName) E:\Web\website\clang\APP\Modules\Admin\Action\RelationAction.class.php 第 7 行.
NOTIC: [2048] Non-static method PracticeAction::edit() should not be called statically, assuming $this from incompatible context E:\Web\website\clang\APP\Modules\Admin\Action\RelationAction.class.php 第 46 行.
SQL: SHOW COLUMNS FROM `clang_about` [ RunTime:0.003522s ]
SQL: SELECT * FROM `clang_about` WHERE ( `id` = 2 )  [ RunTime:0.000395s ]
INFO: [ view_parse ] --START--
INFO: ParseTemplate Behavior ::run [ RunTime:0.078711s ]
INFO: [ view_parse ] --END-- [ RunTime:0.078864s ]
INFO: [ view_filter ] --START--
INFO: ContentReplace Behavior ::run [ RunTime:0.001181s ]
INFO: TokenBuild Behavior ::run [ RunTime:0.001133s ]
INFO: WriteHtmlCache Behavior ::run [ RunTime:0.000854s ]
INFO: ShowRuntime Behavior ::run [ RunTime:0.001325s ]
INFO: [ view_filter ] --END-- [ RunTime:0.004885s ]
INFO: [ view_end ] --START--
INFO: ShowPageTrace Behavior ::run [ RunTime:0.001773s ]
INFO: [ view_end ] --END-- [ RunTime:0.001948s ]

[ 2013-12-13T10:19:47+08:00 ] 127.0.0.1 /clang/Admin/Relation/update
INFO: [ route_check ] --START--
INFO: CheckRoute Behavior ::run [ RunTime:0.000672s ]
INFO: [ route_check ] --END-- [ RunTime:0.000743s ]
INFO: [ app_begin ] --START--
INFO: ReadHtmlCache Behavior ::run [ RunTime:0.000457s ]
INFO: [ app_begin ] --END-- [ RunTime:0.000500s ]
NOTIC: [2048] Declaration of RelationAction::edit() should be compatible with CommonAction::edit($tbName) E:\Web\website\clang\APP\Modules\Admin\Action\RelationAction.class.php 第 7 行.
NOTIC: [2048] Non-static method PracticeAction::update() should not be called statically, assuming $this from incompatible context E:\Web\website\clang\APP\Modules\Admin\Action\RelationAction.class.php 第 56 行.
SQL: SHOW COLUMNS FROM `clang_about` [ RunTime:0.003581s ]
SQL: UPDATE `clang_about` SET `title`='联系方式、方便交流',`content`='<p>\r\n	<span style=\"font-size:18px;\">&nbsp;&nbsp;&nbsp;&nbsp;如果你对本站有什么好的建议或者不懂的地方，可以参照照下面的方式联系我们，我们一定会为你解答：</span> \r\n</p>\r\n<p>\r\n	<br />\r\n</p>\r\n<p>\r\n	<span style=\"font-size:18px;\">&nbsp;&nbsp;&nbsp;&nbsp;一、邮件联系：cwang@163.com&nbsp;；</span> \r\n</p>\r\n<p>\r\n	<br />\r\n</p>\r\n<p>\r\n	<span style=\"font-size:18px;\">&nbsp; &nbsp; 二、QQ联系：123456789；学习交流群一号群：356963666</span>\r\n</p>\r\n<p>\r\n	<span style=\"font-size:18px;\">&nbsp;&nbsp;&nbsp;&nbsp;&nbsp;&nbsp;&nbsp;&nbsp;&nbsp;&nbsp;&nbsp;&nbsp;&nbsp;&nbsp;&nbsp;&nbsp;&nbsp;&nbsp;&nbsp;&nbsp;&nbsp;&nbsp;&nbsp;&nbsp;&nbsp;&nbsp;&nbsp;&nbsp;&nbsp;&nbsp;&nbsp;&nbsp;&nbsp;&nbsp;&nbsp;&nbsp;&nbsp;&nbsp;&nbsp;&nbsp;&nbsp;&nbsp;&nbsp;&nbsp;&nbsp;&nbsp;&nbsp;&nbsp;&nbsp;&nbsp;&nbsp;&nbsp;&nbsp;&nbsp;&nbsp; &nbsp;二号群：569878952<br />\r\n</span>\r\n</p>\r\n<p>\r\n	<br />\r\n</p>\r\n<p>\r\n	<span style=\"font-size:18px;\">&nbsp; &nbsp; 三、电话/短信联系：13688888888；</span> \r\n</p>\r\n<p>\r\n	<br />\r\n</p>\r\n<p>\r\n	<span style=\"font-size:18px;\">&nbsp;&nbsp;&nbsp;&nbsp;再次感谢大家对我们的支持，谢谢……</span> \r\n</p>',`time`='2013-12-13 10:19:47' WHERE ( `id` = 2 ) [ RunTime:0.169974s ]
INFO: [ view_parse ] --START--
INFO: ParseTemplate Behavior ::run [ RunTime:0.020633s ]
INFO: [ view_parse ] --END-- [ RunTime:0.020825s ]
INFO: [ view_filter ] --START--
INFO: ContentReplace Behavior ::run [ RunTime:0.001165s ]
INFO: TokenBuild Behavior ::run [ RunTime:0.001151s ]
INFO: WriteHtmlCache Behavior ::run [ RunTime:0.000887s ]
INFO: ShowRuntime Behavior ::run [ RunTime:0.000476s ]
INFO: [ view_filter ] --END-- [ RunTime:0.004025s ]
INFO: [ view_end ] --START--
INFO: ShowPageTrace Behavior ::run [ RunTime:0.000600s ]
INFO: [ view_end ] --END-- [ RunTime:0.000646s ]

[ 2013-12-13T10:19:48+08:00 ] 127.0.0.1 /clang/Admin/Relation/browse
INFO: [ route_check ] --START--
INFO: CheckRoute Behavior ::run [ RunTime:0.001099s ]
INFO: [ route_check ] --END-- [ RunTime:0.001197s ]
INFO: [ app_begin ] --START--
INFO: ReadHtmlCache Behavior ::run [ RunTime:0.000765s ]
INFO: [ app_begin ] --END-- [ RunTime:0.000847s ]
NOTIC: [2048] Declaration of RelationAction::edit() should be compatible with CommonAction::edit($tbName) E:\Web\website\clang\APP\Modules\Admin\Action\RelationAction.class.php 第 7 行.
NOTIC: [2048] Non-static method PracticeAction::scan() should not be called statically, assuming $this from incompatible context E:\Web\website\clang\APP\Modules\Admin\Action\RelationAction.class.php 第 36 行.
SQL: SHOW COLUMNS FROM `clang_about` [ RunTime:0.005046s ]
SQL: SELECT COUNT(*) AS tp_count FROM `clang_about` WHERE ( `type` = '联系我们' ) LIMIT 1   [ RunTime:0.000392s ]
SQL: SELECT * FROM `clang_about` WHERE ( `type` = '联系我们' ) ORDER BY id  desc LIMIT 0,10   [ RunTime:0.000335s ]
INFO: [ view_parse ] --START--
NOTIC: [8] Undefined index: author E:\Web\website\clang\APP\Runtime\Cache\Admin\6700388c595493648d6757a2c62723cc.php 第 31 行.
NOTIC: [8] Undefined variable: page E:\Web\website\clang\APP\Runtime\Cache\Admin\6700388c595493648d6757a2c62723cc.php 第 45 行.
INFO: ParseTemplate Behavior ::run [ RunTime:0.007094s ]
INFO: [ view_parse ] --END-- [ RunTime:0.007142s ]
INFO: [ view_filter ] --START--
INFO: ContentReplace Behavior ::run [ RunTime:0.000311s ]
INFO: TokenBuild Behavior ::run [ RunTime:0.000328s ]
INFO: WriteHtmlCache Behavior ::run [ RunTime:0.000230s ]
INFO: ShowRuntime Behavior ::run [ RunTime:0.000358s ]
INFO: [ view_filter ] --END-- [ RunTime:0.001334s ]
INFO: [ view_end ] --START--
INFO: ShowPageTrace Behavior ::run [ RunTime:0.000493s ]
INFO: [ view_end ] --END-- [ RunTime:0.000531s ]

[ 2013-12-13T10:19:51+08:00 ] 127.0.0.1 /clang/Home/About/relation.html
INFO: [ route_check ] --START--
INFO: CheckRoute Behavior ::run [ RunTime:0.000767s ]
INFO: [ route_check ] --END-- [ RunTime:0.000840s ]
INFO: [ app_begin ] --START--
INFO: ReadHtmlCache Behavior ::run [ RunTime:0.000746s ]
INFO: [ app_begin ] --END-- [ RunTime:0.000801s ]
SQL: SHOW COLUMNS FROM `clang_about` [ RunTime:0.003697s ]
SQL: SELECT * FROM `clang_about` WHERE ( `type` = '版权信息' ) ORDER BY id desc LIMIT 1   [ RunTime:0.000401s ]
SQL: SHOW COLUMNS FROM `clang_link` [ RunTime:0.003290s ]
SQL: SELECT * FROM `clang_link` ORDER BY rank asc LIMIT 0,6   [ RunTime:0.000461s ]
SQL: SELECT `content` FROM `clang_about` WHERE ( `type` = '关于我们' ) ORDER BY id desc LIMIT 1   [ RunTime:0.000307s ]
SQL: SELECT * FROM `clang_about` WHERE ( `type` = '联系我们' ) ORDER BY id desc LIMIT 1   [ RunTime:0.000308s ]
INFO: [ view_parse ] --START--
NOTIC: [8] Undefined variable: youlin E:\Web\website\clang\APP\Runtime\Cache\Home\2930ed3b5886dca3fbb6e7a33d27b943.php 第 269 行.
NOTIC: [8] Undefined variable: youlin E:\Web\website\clang\APP\Runtime\Cache\Home\2930ed3b5886dca3fbb6e7a33d27b943.php 第 269 行.
NOTIC: [8] Undefined variable: youlin E:\Web\website\clang\APP\Runtime\Cache\Home\2930ed3b5886dca3fbb6e7a33d27b943.php 第 269 行.
NOTIC: [8] Undefined variable: youlin E:\Web\website\clang\APP\Runtime\Cache\Home\2930ed3b5886dca3fbb6e7a33d27b943.php 第 269 行.
NOTIC: [8] Undefined variable: youlin E:\Web\website\clang\APP\Runtime\Cache\Home\2930ed3b5886dca3fbb6e7a33d27b943.php 第 269 行.
NOTIC: [8] Undefined variable: youlin E:\Web\website\clang\APP\Runtime\Cache\Home\2930ed3b5886dca3fbb6e7a33d27b943.php 第 269 行.
INFO: ParseTemplate Behavior ::run [ RunTime:0.011968s ]
INFO: [ view_parse ] --END-- [ RunTime:0.012026s ]
INFO: [ view_filter ] --START--
INFO: ContentReplace Behavior ::run [ RunTime:0.000461s ]
INFO: TokenBuild Behavior ::run [ RunTime:0.000394s ]
INFO: WriteHtmlCache Behavior ::run [ RunTime:0.000366s ]
INFO: ShowRuntime Behavior ::run [ RunTime:0.000459s ]
INFO: [ view_filter ] --END-- [ RunTime:0.001797s ]
INFO: [ view_end ] --START--
INFO: ShowPageTrace Behavior ::run [ RunTime:0.001001s ]
INFO: [ view_end ] --END-- [ RunTime:0.001077s ]

[ 2013-12-13T10:20:03+08:00 ] 127.0.0.1 /clang/Admin/Relation/edit/edid/2
INFO: [ route_check ] --START--
INFO: CheckRoute Behavior ::run [ RunTime:0.000752s ]
INFO: [ route_check ] --END-- [ RunTime:0.000824s ]
INFO: [ app_begin ] --START--
INFO: ReadHtmlCache Behavior ::run [ RunTime:0.000614s ]
INFO: [ app_begin ] --END-- [ RunTime:0.000670s ]
NOTIC: [2048] Declaration of RelationAction::edit() should be compatible with CommonAction::edit($tbName) E:\Web\website\clang\APP\Modules\Admin\Action\RelationAction.class.php 第 7 行.
NOTIC: [2048] Non-static method PracticeAction::edit() should not be called statically, assuming $this from incompatible context E:\Web\website\clang\APP\Modules\Admin\Action\RelationAction.class.php 第 46 行.
SQL: SHOW COLUMNS FROM `clang_about` [ RunTime:0.003205s ]
SQL: SELECT * FROM `clang_about` WHERE ( `id` = 2 )  [ RunTime:0.000373s ]
INFO: [ view_parse ] --START--
INFO: ParseTemplate Behavior ::run [ RunTime:0.007056s ]
INFO: [ view_parse ] --END-- [ RunTime:0.007119s ]
INFO: [ view_filter ] --START--
INFO: ContentReplace Behavior ::run [ RunTime:0.000358s ]
INFO: TokenBuild Behavior ::run [ RunTime:0.000315s ]
INFO: WriteHtmlCache Behavior ::run [ RunTime:0.000232s ]
INFO: ShowRuntime Behavior ::run [ RunTime:0.000383s ]
INFO: [ view_filter ] --END-- [ RunTime:0.001399s ]
INFO: [ view_end ] --START--
INFO: ShowPageTrace Behavior ::run [ RunTime:0.000509s ]
INFO: [ view_end ] --END-- [ RunTime:0.000551s ]

[ 2013-12-13T10:20:13+08:00 ] 127.0.0.1 /clang/Admin/Relation/update
INFO: [ route_check ] --START--
INFO: CheckRoute Behavior ::run [ RunTime:0.000854s ]
INFO: [ route_check ] --END-- [ RunTime:0.000922s ]
INFO: [ app_begin ] --START--
INFO: ReadHtmlCache Behavior ::run [ RunTime:0.000550s ]
INFO: [ app_begin ] --END-- [ RunTime:0.000603s ]
NOTIC: [2048] Declaration of RelationAction::edit() should be compatible with CommonAction::edit($tbName) E:\Web\website\clang\APP\Modules\Admin\Action\RelationAction.class.php 第 7 行.
NOTIC: [2048] Non-static method PracticeAction::update() should not be called statically, assuming $this from incompatible context E:\Web\website\clang\APP\Modules\Admin\Action\RelationAction.class.php 第 56 行.
SQL: SHOW COLUMNS FROM `clang_about` [ RunTime:0.003131s ]
SQL: UPDATE `clang_about` SET `title`='联系方式、方便交流',`content`='<p>\r\n	<span style=\"font-size:18px;\">&nbsp;&nbsp;&nbsp;&nbsp;如果你对本站有什么好的建议或者不懂的地方，可以参照照下面的方式联系我们，我们一定会为你解答：</span> \r\n</p>\r\n<p>\r\n	<br />\r\n</p>\r\n<p>\r\n	<span style=\"font-size:18px;\">&nbsp;&nbsp;&nbsp;&nbsp;一、邮件联系：cwang@163.com&nbsp;；</span> \r\n</p>\r\n<p>\r\n	<br />\r\n</p>\r\n<p>\r\n	<span style=\"font-size:18px;\">&nbsp; &nbsp; 二、QQ联系：123456789；学习交流群一号群：356963666</span> \r\n</p>\r\n<p>\r\n	<span style=\"font-size:18px;\">&nbsp; &nbsp; &nbsp; &nbsp; &nbsp; &nbsp; &nbsp; &nbsp; &nbsp; &nbsp; &nbsp; &nbsp; &nbsp; &nbsp; &nbsp; &nbsp; &nbsp; &nbsp;二号群：569878952<br />\r\n</span> \r\n</p>\r\n<p>\r\n	<br />\r\n</p>\r\n<p>\r\n	<span style=\"font-size:18px;\">&nbsp; &nbsp; 三、电话/短信联系：13688888888；</span> \r\n</p>\r\n<p>\r\n	<br />\r\n</p>\r\n<p>\r\n	<span style=\"font-size:18px;\">&nbsp;&nbsp;&nbsp;&nbsp;再次感谢大家对我们的支持，谢谢……</span> \r\n</p>',`time`='2013-12-13 10:20:13' WHERE ( `id` = 2 ) [ RunTime:0.132022s ]
INFO: [ view_parse ] --START--
INFO: ParseTemplate Behavior ::run [ RunTime:0.020652s ]
INFO: [ view_parse ] --END-- [ RunTime:0.020892s ]
INFO: [ view_filter ] --START--
INFO: ContentReplace Behavior ::run [ RunTime:0.001232s ]
INFO: TokenBuild Behavior ::run [ RunTime:0.001144s ]
INFO: WriteHtmlCache Behavior ::run [ RunTime:0.000863s ]
INFO: ShowRuntime Behavior ::run [ RunTime:0.001656s ]
INFO: [ view_filter ] --END-- [ RunTime:0.005336s ]
INFO: [ view_end ] --START--
INFO: ShowPageTrace Behavior ::run [ RunTime:0.001819s ]
INFO: [ view_end ] --END-- [ RunTime:0.001962s ]

[ 2013-12-13T10:20:14+08:00 ] 127.0.0.1 /clang/Home/About/relation.html
INFO: [ route_check ] --START--
INFO: CheckRoute Behavior ::run [ RunTime:0.002224s ]
INFO: [ route_check ] --END-- [ RunTime:0.002418s ]
INFO: [ app_begin ] --START--
INFO: ReadHtmlCache Behavior ::run [ RunTime:0.001260s ]
INFO: [ app_begin ] --END-- [ RunTime:0.001372s ]
SQL: SHOW COLUMNS FROM `clang_about` [ RunTime:0.005182s ]
SQL: SELECT * FROM `clang_about` WHERE ( `type` = '版权信息' ) ORDER BY id desc LIMIT 1   [ RunTime:0.000582s ]
SQL: SHOW COLUMNS FROM `clang_link` [ RunTime:0.005394s ]
SQL: SELECT * FROM `clang_link` ORDER BY rank asc LIMIT 0,6   [ RunTime:0.000605s ]
SQL: SELECT `content` FROM `clang_about` WHERE ( `type` = '关于我们' ) ORDER BY id desc LIMIT 1   [ RunTime:0.000475s ]
SQL: SELECT * FROM `clang_about` WHERE ( `type` = '联系我们' ) ORDER BY id desc LIMIT 1   [ RunTime:0.000440s ]
INFO: [ view_parse ] --START--
NOTIC: [8] Undefined variable: youlin E:\Web\website\clang\APP\Runtime\Cache\Home\2930ed3b5886dca3fbb6e7a33d27b943.php 第 269 行.
NOTIC: [8] Undefined variable: youlin E:\Web\website\clang\APP\Runtime\Cache\Home\2930ed3b5886dca3fbb6e7a33d27b943.php 第 269 行.
NOTIC: [8] Undefined variable: youlin E:\Web\website\clang\APP\Runtime\Cache\Home\2930ed3b5886dca3fbb6e7a33d27b943.php 第 269 行.
NOTIC: [8] Undefined variable: youlin E:\Web\website\clang\APP\Runtime\Cache\Home\2930ed3b5886dca3fbb6e7a33d27b943.php 第 269 行.
NOTIC: [8] Undefined variable: youlin E:\Web\website\clang\APP\Runtime\Cache\Home\2930ed3b5886dca3fbb6e7a33d27b943.php 第 269 行.
NOTIC: [8] Undefined variable: youlin E:\Web\website\clang\APP\Runtime\Cache\Home\2930ed3b5886dca3fbb6e7a33d27b943.php 第 269 行.
INFO: ParseTemplate Behavior ::run [ RunTime:0.011792s ]
INFO: [ view_parse ] --END-- [ RunTime:0.011856s ]
INFO: [ view_filter ] --START--
INFO: ContentReplace Behavior ::run [ RunTime:0.000430s ]
INFO: TokenBuild Behavior ::run [ RunTime:0.000321s ]
INFO: WriteHtmlCache Behavior ::run [ RunTime:0.000233s ]
INFO: ShowRuntime Behavior ::run [ RunTime:0.000432s ]
INFO: [ view_filter ] --END-- [ RunTime:0.001527s ]
INFO: [ view_end ] --START--
INFO: ShowPageTrace Behavior ::run [ RunTime:0.000824s ]
INFO: [ view_end ] --END-- [ RunTime:0.000900s ]

[ 2013-12-13T10:20:15+08:00 ] 127.0.0.1 /clang/Admin/Relation/browse
INFO: [ route_check ] --START--
INFO: CheckRoute Behavior ::run [ RunTime:0.001085s ]
INFO: [ route_check ] --END-- [ RunTime:0.001185s ]
INFO: [ app_begin ] --START--
INFO: ReadHtmlCache Behavior ::run [ RunTime:0.000770s ]
INFO: [ app_begin ] --END-- [ RunTime:0.000847s ]
NOTIC: [2048] Declaration of RelationAction::edit() should be compatible with CommonAction::edit($tbName) E:\Web\website\clang\APP\Modules\Admin\Action\RelationAction.class.php 第 7 行.
NOTIC: [2048] Non-static method PracticeAction::scan() should not be called statically, assuming $this from incompatible context E:\Web\website\clang\APP\Modules\Admin\Action\RelationAction.class.php 第 36 行.
SQL: SHOW COLUMNS FROM `clang_about` [ RunTime:0.003872s ]
SQL: SELECT COUNT(*) AS tp_count FROM `clang_about` WHERE ( `type` = '联系我们' ) LIMIT 1   [ RunTime:0.000393s ]
SQL: SELECT * FROM `clang_about` WHERE ( `type` = '联系我们' ) ORDER BY id  desc LIMIT 0,10   [ RunTime:0.000331s ]
INFO: [ view_parse ] --START--
NOTIC: [8] Undefined index: author E:\Web\website\clang\APP\Runtime\Cache\Admin\6700388c595493648d6757a2c62723cc.php 第 31 行.
NOTIC: [8] Undefined variable: page E:\Web\website\clang\APP\Runtime\Cache\Admin\6700388c595493648d6757a2c62723cc.php 第 45 行.
INFO: ParseTemplate Behavior ::run [ RunTime:0.007017s ]
INFO: [ view_parse ] --END-- [ RunTime:0.007067s ]
INFO: [ view_filter ] --START--
INFO: ContentReplace Behavior ::run [ RunTime:0.000331s ]
INFO: TokenBuild Behavior ::run [ RunTime:0.000331s ]
INFO: WriteHtmlCache Behavior ::run [ RunTime:0.000228s ]
INFO: ShowRuntime Behavior ::run [ RunTime:0.000357s ]
INFO: [ view_filter ] --END-- [ RunTime:0.001358s ]
INFO: [ view_end ] --START--
INFO: ShowPageTrace Behavior ::run [ RunTime:0.000491s ]
INFO: [ view_end ] --END-- [ RunTime:0.000529s ]

[ 2013-12-13T10:20:19+08:00 ] 127.0.0.1 /clang/Admin/Relation/edit/edid/2
INFO: [ route_check ] --START--
INFO: CheckRoute Behavior ::run [ RunTime:0.000774s ]
INFO: [ route_check ] --END-- [ RunTime:0.000858s ]
INFO: [ app_begin ] --START--
INFO: ReadHtmlCache Behavior ::run [ RunTime:0.000540s ]
INFO: [ app_begin ] --END-- [ RunTime:0.000593s ]
NOTIC: [2048] Declaration of RelationAction::edit() should be compatible with CommonAction::edit($tbName) E:\Web\website\clang\APP\Modules\Admin\Action\RelationAction.class.php 第 7 行.
NOTIC: [2048] Non-static method PracticeAction::edit() should not be called statically, assuming $this from incompatible context E:\Web\website\clang\APP\Modules\Admin\Action\RelationAction.class.php 第 46 行.
SQL: SHOW COLUMNS FROM `clang_about` [ RunTime:0.005019s ]
SQL: SELECT * FROM `clang_about` WHERE ( `id` = 2 )  [ RunTime:0.000378s ]
INFO: [ view_parse ] --START--
INFO: ParseTemplate Behavior ::run [ RunTime:0.008267s ]
INFO: [ view_parse ] --END-- [ RunTime:0.008339s ]
INFO: [ view_filter ] --START--
INFO: ContentReplace Behavior ::run [ RunTime:0.000398s ]
INFO: TokenBuild Behavior ::run [ RunTime:0.000384s ]
INFO: WriteHtmlCache Behavior ::run [ RunTime:0.000300s ]
INFO: ShowRuntime Behavior ::run [ RunTime:0.000453s ]
INFO: [ view_filter ] --END-- [ RunTime:0.001674s ]
INFO: [ view_end ] --START--
INFO: ShowPageTrace Behavior ::run [ RunTime:0.000596s ]
INFO: [ view_end ] --END-- [ RunTime:0.000642s ]

[ 2013-12-13T10:20:23+08:00 ] 127.0.0.1 /clang/Admin/Relation/update
INFO: [ route_check ] --START--
INFO: CheckRoute Behavior ::run [ RunTime:0.000804s ]
INFO: [ route_check ] --END-- [ RunTime:0.000875s ]
INFO: [ app_begin ] --START--
INFO: ReadHtmlCache Behavior ::run [ RunTime:0.000547s ]
INFO: [ app_begin ] --END-- [ RunTime:0.000598s ]
NOTIC: [2048] Declaration of RelationAction::edit() should be compatible with CommonAction::edit($tbName) E:\Web\website\clang\APP\Modules\Admin\Action\RelationAction.class.php 第 7 行.
NOTIC: [2048] Non-static method PracticeAction::update() should not be called statically, assuming $this from incompatible context E:\Web\website\clang\APP\Modules\Admin\Action\RelationAction.class.php 第 56 行.
SQL: SHOW COLUMNS FROM `clang_about` [ RunTime:0.003414s ]
SQL: UPDATE `clang_about` SET `title`='联系方式、方便交流',`content`='<p>\r\n	<span style=\"font-size:18px;\">&nbsp;&nbsp;&nbsp;&nbsp;如果你对本站有什么好的建议或者不懂的地方，可以参照照下面的方式联系我们，我们一定会为你解答：</span> \r\n</p>\r\n<p>\r\n	<br />\r\n</p>\r\n<p>\r\n	<span style=\"font-size:18px;\">&nbsp;&nbsp;&nbsp;&nbsp;一、邮件联系：cwang@163.com&nbsp;；</span> \r\n</p>\r\n<p>\r\n	<br />\r\n</p>\r\n<p>\r\n	<span style=\"font-size:18px;\">&nbsp; &nbsp; 二、QQ联系：123456789；学习交流群一号群：356963666</span> \r\n</p>\r\n<p>\r\n	<span style=\"font-size:18px;\">&nbsp; &nbsp; &nbsp; &nbsp; &nbsp; &nbsp; &nbsp; &nbsp; &nbsp; &nbsp; &nbsp; &nbsp; &nbsp; &nbsp; &nbsp; &nbsp; &nbsp; &nbsp; &nbsp; 二号群：569878952<br />\r\n</span> \r\n</p>\r\n<p>\r\n	<br />\r\n</p>\r\n<p>\r\n	<span style=\"font-size:18px;\">&nbsp; &nbsp; 三、电话/短信联系：13688888888；</span> \r\n</p>\r\n<p>\r\n	<br />\r\n</p>\r\n<p>\r\n	<span style=\"font-size:18px;\">&nbsp;&nbsp;&nbsp;&nbsp;再次感谢大家对我们的支持，谢谢……</span> \r\n</p>',`time`='2013-12-13 10:20:23' WHERE ( `id` = 2 ) [ RunTime:0.111693s ]
INFO: [ view_parse ] --START--
INFO: ParseTemplate Behavior ::run [ RunTime:0.021110s ]
INFO: [ view_parse ] --END-- [ RunTime:0.021304s ]
INFO: [ view_filter ] --START--
INFO: ContentReplace Behavior ::run [ RunTime:0.001126s ]
INFO: TokenBuild Behavior ::run [ RunTime:0.001108s ]
INFO: WriteHtmlCache Behavior ::run [ RunTime:0.000987s ]
INFO: ShowRuntime Behavior ::run [ RunTime:0.001307s ]
INFO: [ view_filter ] --END-- [ RunTime:0.005015s ]
INFO: [ view_end ] --START--
INFO: ShowPageTrace Behavior ::run [ RunTime:0.001984s ]
INFO: [ view_end ] --END-- [ RunTime:0.002166s ]

[ 2013-12-13T10:20:24+08:00 ] 127.0.0.1 /clang/Home/About/relation.html
INFO: [ route_check ] --START--
INFO: CheckRoute Behavior ::run [ RunTime:0.000812s ]
INFO: [ route_check ] --END-- [ RunTime:0.000888s ]
INFO: [ app_begin ] --START--
INFO: ReadHtmlCache Behavior ::run [ RunTime:0.000546s ]
INFO: [ app_begin ] --END-- [ RunTime:0.000600s ]
SQL: SHOW COLUMNS FROM `clang_about` [ RunTime:0.004270s ]
SQL: SELECT * FROM `clang_about` WHERE ( `type` = '版权信息' ) ORDER BY id desc LIMIT 1   [ RunTime:0.000431s ]
SQL: SHOW COLUMNS FROM `clang_link` [ RunTime:0.003740s ]
SQL: SELECT * FROM `clang_link` ORDER BY rank asc LIMIT 0,6   [ RunTime:0.000452s ]
SQL: SELECT `content` FROM `clang_about` WHERE ( `type` = '关于我们' ) ORDER BY id desc LIMIT 1   [ RunTime:0.000332s ]
SQL: SELECT * FROM `clang_about` WHERE ( `type` = '联系我们' ) ORDER BY id desc LIMIT 1   [ RunTime:0.000323s ]
INFO: [ view_parse ] --START--
NOTIC: [8] Undefined variable: youlin E:\Web\website\clang\APP\Runtime\Cache\Home\2930ed3b5886dca3fbb6e7a33d27b943.php 第 269 行.
NOTIC: [8] Undefined variable: youlin E:\Web\website\clang\APP\Runtime\Cache\Home\2930ed3b5886dca3fbb6e7a33d27b943.php 第 269 行.
NOTIC: [8] Undefined variable: youlin E:\Web\website\clang\APP\Runtime\Cache\Home\2930ed3b5886dca3fbb6e7a33d27b943.php 第 269 行.
NOTIC: [8] Undefined variable: youlin E:\Web\website\clang\APP\Runtime\Cache\Home\2930ed3b5886dca3fbb6e7a33d27b943.php 第 269 行.
NOTIC: [8] Undefined variable: youlin E:\Web\website\clang\APP\Runtime\Cache\Home\2930ed3b5886dca3fbb6e7a33d27b943.php 第 269 行.
NOTIC: [8] Undefined variable: youlin E:\Web\website\clang\APP\Runtime\Cache\Home\2930ed3b5886dca3fbb6e7a33d27b943.php 第 269 行.
INFO: ParseTemplate Behavior ::run [ RunTime:0.012549s ]
INFO: [ view_parse ] --END-- [ RunTime:0.012612s ]
INFO: [ view_filter ] --START--
INFO: ContentReplace Behavior ::run [ RunTime:0.000409s ]
INFO: TokenBuild Behavior ::run [ RunTime:0.000344s ]
INFO: WriteHtmlCache Behavior ::run [ RunTime:0.000261s ]
INFO: ShowRuntime Behavior ::run [ RunTime:0.000393s ]
INFO: [ view_filter ] --END-- [ RunTime:0.001521s ]
INFO: [ view_end ] --START--
INFO: ShowPageTrace Behavior ::run [ RunTime:0.000659s ]
INFO: [ view_end ] --END-- [ RunTime:0.000718s ]

[ 2013-12-13T10:20:25+08:00 ] 127.0.0.1 /clang/Admin/Relation/browse
INFO: [ route_check ] --START--
INFO: CheckRoute Behavior ::run [ RunTime:0.002172s ]
INFO: [ route_check ] --END-- [ RunTime:0.002362s ]
INFO: [ app_begin ] --START--
INFO: ReadHtmlCache Behavior ::run [ RunTime:0.000550s ]
INFO: [ app_begin ] --END-- [ RunTime:0.000605s ]
NOTIC: [2048] Declaration of RelationAction::edit() should be compatible with CommonAction::edit($tbName) E:\Web\website\clang\APP\Modules\Admin\Action\RelationAction.class.php 第 7 行.
NOTIC: [2048] Non-static method PracticeAction::scan() should not be called statically, assuming $this from incompatible context E:\Web\website\clang\APP\Modules\Admin\Action\RelationAction.class.php 第 36 行.
SQL: SHOW COLUMNS FROM `clang_about` [ RunTime:0.003994s ]
SQL: SELECT COUNT(*) AS tp_count FROM `clang_about` WHERE ( `type` = '联系我们' ) LIMIT 1   [ RunTime:0.000435s ]
SQL: SELECT * FROM `clang_about` WHERE ( `type` = '联系我们' ) ORDER BY id  desc LIMIT 0,10   [ RunTime:0.000358s ]
INFO: [ view_parse ] --START--
NOTIC: [8] Undefined index: author E:\Web\website\clang\APP\Runtime\Cache\Admin\6700388c595493648d6757a2c62723cc.php 第 31 行.
NOTIC: [8] Undefined variable: page E:\Web\website\clang\APP\Runtime\Cache\Admin\6700388c595493648d6757a2c62723cc.php 第 45 行.
INFO: ParseTemplate Behavior ::run [ RunTime:0.008288s ]
INFO: [ view_parse ] --END-- [ RunTime:0.008345s ]
INFO: [ view_filter ] --START--
INFO: ContentReplace Behavior ::run [ RunTime:0.000389s ]
INFO: TokenBuild Behavior ::run [ RunTime:0.000381s ]
INFO: WriteHtmlCache Behavior ::run [ RunTime:0.000294s ]
INFO: ShowRuntime Behavior ::run [ RunTime:0.000447s ]
INFO: [ view_filter ] --END-- [ RunTime:0.001646s ]
INFO: [ view_end ] --START--
INFO: ShowPageTrace Behavior ::run [ RunTime:0.000592s ]
INFO: [ view_end ] --END-- [ RunTime:0.000639s ]

[ 2013-12-13T10:20:27+08:00 ] 127.0.0.1 /clang/Admin/Relation/edit/edid/2
INFO: [ route_check ] --START--
INFO: CheckRoute Behavior ::run [ RunTime:0.000763s ]
INFO: [ route_check ] --END-- [ RunTime:0.000835s ]
INFO: [ app_begin ] --START--
INFO: ReadHtmlCache Behavior ::run [ RunTime:0.000565s ]
INFO: [ app_begin ] --END-- [ RunTime:0.000622s ]
NOTIC: [2048] Declaration of RelationAction::edit() should be compatible with CommonAction::edit($tbName) E:\Web\website\clang\APP\Modules\Admin\Action\RelationAction.class.php 第 7 行.
NOTIC: [2048] Non-static method PracticeAction::edit() should not be called statically, assuming $this from incompatible context E:\Web\website\clang\APP\Modules\Admin\Action\RelationAction.class.php 第 46 行.
SQL: SHOW COLUMNS FROM `clang_about` [ RunTime:0.003626s ]
SQL: SELECT * FROM `clang_about` WHERE ( `id` = 2 )  [ RunTime:0.000371s ]
INFO: [ view_parse ] --START--
INFO: ParseTemplate Behavior ::run [ RunTime:0.006785s ]
INFO: [ view_parse ] --END-- [ RunTime:0.006841s ]
INFO: [ view_filter ] --START--
INFO: ContentReplace Behavior ::run [ RunTime:0.000313s ]
INFO: TokenBuild Behavior ::run [ RunTime:0.000345s ]
INFO: WriteHtmlCache Behavior ::run [ RunTime:0.000256s ]
INFO: ShowRuntime Behavior ::run [ RunTime:0.000388s ]
INFO: [ view_filter ] --END-- [ RunTime:0.001413s ]
INFO: [ view_end ] --START--
INFO: ShowPageTrace Behavior ::run [ RunTime:0.000516s ]
INFO: [ view_end ] --END-- [ RunTime:0.000557s ]

[ 2013-12-13T10:20:31+08:00 ] 127.0.0.1 /clang/Admin/Relation/update
INFO: [ route_check ] --START--
INFO: CheckRoute Behavior ::run [ RunTime:0.000759s ]
INFO: [ route_check ] --END-- [ RunTime:0.000827s ]
INFO: [ app_begin ] --START--
INFO: ReadHtmlCache Behavior ::run [ RunTime:0.000530s ]
INFO: [ app_begin ] --END-- [ RunTime:0.000582s ]
NOTIC: [2048] Declaration of RelationAction::edit() should be compatible with CommonAction::edit($tbName) E:\Web\website\clang\APP\Modules\Admin\Action\RelationAction.class.php 第 7 行.
NOTIC: [2048] Non-static method PracticeAction::update() should not be called statically, assuming $this from incompatible context E:\Web\website\clang\APP\Modules\Admin\Action\RelationAction.class.php 第 56 行.
SQL: SHOW COLUMNS FROM `clang_about` [ RunTime:0.003518s ]
SQL: UPDATE `clang_about` SET `title`='联系方式、方便交流',`content`='<p>\r\n	<span style=\"font-size:18px;\">&nbsp;&nbsp;&nbsp;&nbsp;如果你对本站有什么好的建议或者不懂的地方，可以参照照下面的方式联系我们，我们一定会为你解答：</span> \r\n</p>\r\n<p>\r\n	<br />\r\n</p>\r\n<p>\r\n	<span style=\"font-size:18px;\">&nbsp;&nbsp;&nbsp;&nbsp;一、邮件联系：cwang@163.com&nbsp;；</span> \r\n</p>\r\n<p>\r\n	<br />\r\n</p>\r\n<p>\r\n	<span style=\"font-size:18px;\">&nbsp; &nbsp; 二、QQ联系：123456789；学习交流群一号群：356963666</span> \r\n</p>\r\n<p>\r\n	<span style=\"font-size:18px;\">&nbsp; &nbsp; &nbsp; &nbsp; &nbsp; &nbsp; &nbsp; &nbsp; &nbsp; &nbsp; &nbsp; &nbsp; &nbsp; &nbsp; &nbsp; &nbsp; &nbsp; &nbsp; &nbsp;二号群：569878952<br />\r\n</span> \r\n</p>\r\n<p>\r\n	<br />\r\n</p>\r\n<p>\r\n	<span style=\"font-size:18px;\">&nbsp; &nbsp; 三、电话/短信联系：13688888888；</span> \r\n</p>\r\n<p>\r\n	<br />\r\n</p>\r\n<p>\r\n	<span style=\"font-size:18px;\">&nbsp;&nbsp;&nbsp;&nbsp;再次感谢大家对我们的支持，谢谢……</span> \r\n</p>',`time`='2013-12-13 10:20:30' WHERE ( `id` = 2 ) [ RunTime:0.070500s ]
INFO: [ view_parse ] --START--
INFO: ParseTemplate Behavior ::run [ RunTime:0.022092s ]
INFO: [ view_parse ] --END-- [ RunTime:0.022292s ]
INFO: [ view_filter ] --START--
INFO: ContentReplace Behavior ::run [ RunTime:0.001224s ]
INFO: TokenBuild Behavior ::run [ RunTime:0.001426s ]
INFO: WriteHtmlCache Behavior ::run [ RunTime:0.001130s ]
INFO: ShowRuntime Behavior ::run [ RunTime:0.001347s ]
INFO: [ view_filter ] --END-- [ RunTime:0.005642s ]
INFO: [ view_end ] --START--
INFO: ShowPageTrace Behavior ::run [ RunTime:0.001765s ]
INFO: [ view_end ] --END-- [ RunTime:0.001941s ]

[ 2013-12-13T10:20:32+08:00 ] 127.0.0.1 /clang/Admin/Relation/browse
INFO: [ route_check ] --START--
INFO: CheckRoute Behavior ::run [ RunTime:0.001278s ]
INFO: [ route_check ] --END-- [ RunTime:0.001394s ]
INFO: [ app_begin ] --START--
INFO: ReadHtmlCache Behavior ::run [ RunTime:0.000891s ]
INFO: [ app_begin ] --END-- [ RunTime:0.000979s ]
NOTIC: [2048] Declaration of RelationAction::edit() should be compatible with CommonAction::edit($tbName) E:\Web\website\clang\APP\Modules\Admin\Action\RelationAction.class.php 第 7 行.
NOTIC: [2048] Non-static method PracticeAction::scan() should not be called statically, assuming $this from incompatible context E:\Web\website\clang\APP\Modules\Admin\Action\RelationAction.class.php 第 36 行.
SQL: SHOW COLUMNS FROM `clang_about` [ RunTime:0.003363s ]
SQL: SELECT COUNT(*) AS tp_count FROM `clang_about` WHERE ( `type` = '联系我们' ) LIMIT 1   [ RunTime:0.000329s ]
SQL: SELECT * FROM `clang_about` WHERE ( `type` = '联系我们' ) ORDER BY id  desc LIMIT 0,10   [ RunTime:0.000283s ]
INFO: [ view_parse ] --START--
NOTIC: [8] Undefined index: author E:\Web\website\clang\APP\Runtime\Cache\Admin\6700388c595493648d6757a2c62723cc.php 第 31 行.
NOTIC: [8] Undefined variable: page E:\Web\website\clang\APP\Runtime\Cache\Admin\6700388c595493648d6757a2c62723cc.php 第 45 行.
INFO: ParseTemplate Behavior ::run [ RunTime:0.007524s ]
INFO: [ view_parse ] --END-- [ RunTime:0.007576s ]
INFO: [ view_filter ] --START--
INFO: ContentReplace Behavior ::run [ RunTime:0.000320s ]
INFO: TokenBuild Behavior ::run [ RunTime:0.000332s ]
INFO: WriteHtmlCache Behavior ::run [ RunTime:0.000231s ]
INFO: ShowRuntime Behavior ::run [ RunTime:0.000355s ]
INFO: [ view_filter ] --END-- [ RunTime:0.001345s ]
INFO: [ view_end ] --START--
INFO: ShowPageTrace Behavior ::run [ RunTime:0.000518s ]
INFO: [ view_end ] --END-- [ RunTime:0.000554s ]

[ 2013-12-13T10:20:32+08:00 ] 127.0.0.1 /clang/Home/About/relation.html
INFO: [ route_check ] --START--
INFO: CheckRoute Behavior ::run [ RunTime:0.001112s ]
INFO: [ route_check ] --END-- [ RunTime:0.001212s ]
INFO: [ app_begin ] --START--
INFO: ReadHtmlCache Behavior ::run [ RunTime:0.000836s ]
INFO: [ app_begin ] --END-- [ RunTime:0.000915s ]
SQL: SHOW COLUMNS FROM `clang_about` [ RunTime:0.005239s ]
SQL: SELECT * FROM `clang_about` WHERE ( `type` = '版权信息' ) ORDER BY id desc LIMIT 1   [ RunTime:0.000566s ]
SQL: SHOW COLUMNS FROM `clang_link` [ RunTime:0.003322s ]
SQL: SELECT * FROM `clang_link` ORDER BY rank asc LIMIT 0,6   [ RunTime:0.000349s ]
SQL: SELECT `content` FROM `clang_about` WHERE ( `type` = '关于我们' ) ORDER BY id desc LIMIT 1   [ RunTime:0.000261s ]
SQL: SELECT * FROM `clang_about` WHERE ( `type` = '联系我们' ) ORDER BY id desc LIMIT 1   [ RunTime:0.000239s ]
INFO: [ view_parse ] --START--
NOTIC: [8] Undefined variable: youlin E:\Web\website\clang\APP\Runtime\Cache\Home\2930ed3b5886dca3fbb6e7a33d27b943.php 第 269 行.
NOTIC: [8] Undefined variable: youlin E:\Web\website\clang\APP\Runtime\Cache\Home\2930ed3b5886dca3fbb6e7a33d27b943.php 第 269 行.
NOTIC: [8] Undefined variable: youlin E:\Web\website\clang\APP\Runtime\Cache\Home\2930ed3b5886dca3fbb6e7a33d27b943.php 第 269 行.
NOTIC: [8] Undefined variable: youlin E:\Web\website\clang\APP\Runtime\Cache\Home\2930ed3b5886dca3fbb6e7a33d27b943.php 第 269 行.
NOTIC: [8] Undefined variable: youlin E:\Web\website\clang\APP\Runtime\Cache\Home\2930ed3b5886dca3fbb6e7a33d27b943.php 第 269 行.
NOTIC: [8] Undefined variable: youlin E:\Web\website\clang\APP\Runtime\Cache\Home\2930ed3b5886dca3fbb6e7a33d27b943.php 第 269 行.
INFO: ParseTemplate Behavior ::run [ RunTime:0.011259s ]
INFO: [ view_parse ] --END-- [ RunTime:0.011307s ]
INFO: [ view_filter ] --START--
INFO: ContentReplace Behavior ::run [ RunTime:0.000407s ]
INFO: TokenBuild Behavior ::run [ RunTime:0.000343s ]
INFO: WriteHtmlCache Behavior ::run [ RunTime:0.000236s ]
INFO: ShowRuntime Behavior ::run [ RunTime:0.000407s ]
INFO: [ view_filter ] --END-- [ RunTime:0.001501s ]
INFO: [ view_end ] --START--
INFO: ShowPageTrace Behavior ::run [ RunTime:0.000959s ]
INFO: [ view_end ] --END-- [ RunTime:0.001042s ]

[ 2013-12-13T10:20:38+08:00 ] 127.0.0.1 /clang/Admin/Relation/add
INFO: [ route_check ] --START--
INFO: CheckRoute Behavior ::run [ RunTime:0.000760s ]
INFO: [ route_check ] --END-- [ RunTime:0.000831s ]
INFO: [ app_begin ] --START--
INFO: ReadHtmlCache Behavior ::run [ RunTime:0.000533s ]
INFO: [ app_begin ] --END-- [ RunTime:0.000586s ]
NOTIC: [2048] Declaration of RelationAction::edit() should be compatible with CommonAction::edit($tbName) E:\Web\website\clang\APP\Modules\Admin\Action\RelationAction.class.php 第 7 行.
INFO: [ view_parse ] --START--
INFO: ParseTemplate Behavior ::run [ RunTime:0.021611s ]
INFO: [ view_parse ] --END-- [ RunTime:0.021690s ]
INFO: [ view_filter ] --START--
INFO: ContentReplace Behavior ::run [ RunTime:0.000364s ]
INFO: TokenBuild Behavior ::run [ RunTime:0.000337s ]
INFO: WriteHtmlCache Behavior ::run [ RunTime:0.000249s ]
INFO: ShowRuntime Behavior ::run [ RunTime:0.000423s ]
INFO: [ view_filter ] --END-- [ RunTime:0.001515s ]
INFO: [ view_end ] --START--
INFO: ShowPageTrace Behavior ::run [ RunTime:0.000575s ]
INFO: [ view_end ] --END-- [ RunTime:0.000618s ]

[ 2013-12-13T10:20:38+08:00 ] 127.0.0.1 /clang/Admin/Relation/browse
INFO: [ route_check ] --START--
INFO: CheckRoute Behavior ::run [ RunTime:0.000760s ]
INFO: [ route_check ] --END-- [ RunTime:0.000829s ]
INFO: [ app_begin ] --START--
INFO: ReadHtmlCache Behavior ::run [ RunTime:0.000560s ]
INFO: [ app_begin ] --END-- [ RunTime:0.000613s ]
NOTIC: [2048] Declaration of RelationAction::edit() should be compatible with CommonAction::edit($tbName) E:\Web\website\clang\APP\Modules\Admin\Action\RelationAction.class.php 第 7 行.
NOTIC: [2048] Non-static method PracticeAction::scan() should not be called statically, assuming $this from incompatible context E:\Web\website\clang\APP\Modules\Admin\Action\RelationAction.class.php 第 36 行.
SQL: SHOW COLUMNS FROM `clang_about` [ RunTime:0.004004s ]
SQL: SELECT COUNT(*) AS tp_count FROM `clang_about` WHERE ( `type` = '联系我们' ) LIMIT 1   [ RunTime:0.000331s ]
SQL: SELECT * FROM `clang_about` WHERE ( `type` = '联系我们' ) ORDER BY id  desc LIMIT 0,10   [ RunTime:0.000320s ]
INFO: [ view_parse ] --START--
NOTIC: [8] Undefined index: author E:\Web\website\clang\APP\Runtime\Cache\Admin\6700388c595493648d6757a2c62723cc.php 第 31 行.
NOTIC: [8] Undefined variable: page E:\Web\website\clang\APP\Runtime\Cache\Admin\6700388c595493648d6757a2c62723cc.php 第 45 行.
INFO: ParseTemplate Behavior ::run [ RunTime:0.007117s ]
INFO: [ view_parse ] --END-- [ RunTime:0.007169s ]
INFO: [ view_filter ] --START--
INFO: ContentReplace Behavior ::run [ RunTime:0.000337s ]
INFO: TokenBuild Behavior ::run [ RunTime:0.000327s ]
INFO: WriteHtmlCache Behavior ::run [ RunTime:0.000251s ]
INFO: ShowRuntime Behavior ::run [ RunTime:0.000386s ]
INFO: [ view_filter ] --END-- [ RunTime:0.001418s ]
INFO: [ view_end ] --START--
INFO: ShowPageTrace Behavior ::run [ RunTime:0.000509s ]
INFO: [ view_end ] --END-- [ RunTime:0.000582s ]

